This file contains any messages produced by compilers while
running configure, to aid debugging if configure makes a mistake.

It was created by clasttools configure 0.2.2, which was
generated by GNU Autoconf 2.69.  Invocation command line was

  $ ./configure --disable-static --enable-shared --prefix=/s/chopin/b/grad/rohan94/Downloads/pocc-1.4/generators/install-clasttools --with-cloog=/s/chopin/b/grad/rohan94/Downloads/pocc-1.4/generators/install-cloog --with-gmp-prefix=/s/chopin/b/grad/rohan94/Downloads/pocc-1.4/math/external/install --with-past=/s/chopin/b/grad/rohan94/Downloads/pocc-1.4/ir/install-past

## --------- ##
## Platform. ##
## --------- ##

hostname = jackson
uname -m = x86_64
uname -r = 4.13.5-100.fc25.x86_64
uname -s = Linux
uname -v = #1 SMP Fri Oct 6 01:01:44 UTC 2017

/usr/bin/uname -p = x86_64
/bin/uname -X     = unknown

/bin/arch              = x86_64
/usr/bin/arch -k       = unknown
/usr/convex/getsysinfo = unknown
/usr/bin/hostinfo      = unknown
/bin/machine           = unknown
/usr/bin/oslevel       = unknown
/bin/universe          = unknown

PATH: /s/chopin/b/grad/rohan94/bin
PATH: /bin
PATH: /usr/bin
PATH: /sbin
PATH: /usr/sbin
PATH: /usr/local/bin
PATH: .


## ----------- ##
## Core tests. ##
## ----------- ##

configure:2321: checking for a BSD-compatible install
configure:2389: result: /bin/install -c
configure:2400: checking whether build environment is sane
configure:2455: result: yes
configure:2606: checking for a thread-safe mkdir -p
configure:2645: result: /bin/mkdir -p
configure:2652: checking for gawk
configure:2668: found /bin/gawk
configure:2679: result: gawk
configure:2690: checking whether make sets $(MAKE)
configure:2712: result: yes
configure:2741: checking whether make supports nested variables
configure:2758: result: yes
configure:2838: checking whether UID '4422' is supported by ustar format
configure:2841: result: yes
configure:2848: checking whether GID '1556' is supported by ustar format
configure:2851: result: yes
configure:2859: checking how to create a ustar tar archive
configure:2870: tar --version
tar (GNU tar) 1.29
Copyright (C) 2015 Free Software Foundation, Inc.
License GPLv3+: GNU GPL version 3 or later <http://gnu.org/licenses/gpl.html>.
This is free software: you are free to change and redistribute it.
There is NO WARRANTY, to the extent permitted by law.

Written by John Gilmore and Jay Fenlason.
configure:2873: $? = 0
configure:2913: tardir=conftest.dir && eval tar --format=ustar -chf - "$tardir" >conftest.tar
configure:2916: $? = 0
configure:2920: tar -xf - <conftest.tar
configure:2923: $? = 0
configure:2925: cat conftest.dir/file
GrepMe
configure:2928: $? = 0
configure:2941: result: gnutar
configure:3042: checking for gcc
configure:3058: found /bin/gcc
configure:3069: result: gcc
configure:3298: checking for C compiler version
configure:3307: gcc --version >&5
gcc (GCC) 6.4.1 20170727 (Red Hat 6.4.1-1)
Copyright (C) 2017 Free Software Foundation, Inc.
This is free software; see the source for copying conditions.  There is NO
warranty; not even for MERCHANTABILITY or FITNESS FOR A PARTICULAR PURPOSE.

configure:3318: $? = 0
configure:3307: gcc -v >&5
Using built-in specs.
COLLECT_GCC=gcc
COLLECT_LTO_WRAPPER=/usr/libexec/gcc/x86_64-redhat-linux/6.4.1/lto-wrapper
Target: x86_64-redhat-linux
Configured with: ../configure --enable-bootstrap --enable-languages=c,c++,objc,obj-c++,fortran,ada,go,lto --prefix=/usr --mandir=/usr/share/man --infodir=/usr/share/info --with-bugurl=http://bugzilla.redhat.com/bugzilla --enable-shared --enable-threads=posix --enable-checking=release --enable-multilib --with-system-zlib --enable-__cxa_atexit --disable-libunwind-exceptions --enable-gnu-unique-object --enable-linker-build-id --with-linker-hash-style=gnu --enable-plugin --enable-initfini-array --disable-libgcj --with-isl --enable-libmpx --enable-gnu-indirect-function --with-tune=generic --with-arch_32=i686 --build=x86_64-redhat-linux
Thread model: posix
gcc version 6.4.1 20170727 (Red Hat 6.4.1-1) (GCC) 
configure:3318: $? = 0
configure:3307: gcc -V >&5
gcc: error: unrecognized command line option '-V'
gcc: fatal error: no input files
compilation terminated.
configure:3318: $? = 1
configure:3307: gcc -qversion >&5
gcc: error: unrecognized command line option '-qversion'; did you mean '--version'?
gcc: fatal error: no input files
compilation terminated.
configure:3318: $? = 1
configure:3338: checking whether the C compiler works
configure:3360: gcc    conftest.c  >&5
configure:3364: $? = 0
configure:3412: result: yes
configure:3415: checking for C compiler default output file name
configure:3417: result: a.out
configure:3423: checking for suffix of executables
configure:3430: gcc -o conftest    conftest.c  >&5
configure:3434: $? = 0
configure:3456: result: 
configure:3478: checking whether we are cross compiling
configure:3486: gcc -o conftest    conftest.c  >&5
configure:3490: $? = 0
configure:3497: ./conftest
configure:3501: $? = 0
configure:3516: result: no
configure:3521: checking for suffix of object files
configure:3543: gcc -c   conftest.c >&5
configure:3547: $? = 0
configure:3568: result: o
configure:3572: checking whether we are using the GNU C compiler
configure:3591: gcc -c   conftest.c >&5
configure:3591: $? = 0
configure:3600: result: yes
configure:3609: checking whether gcc accepts -g
configure:3629: gcc -c -g  conftest.c >&5
configure:3629: $? = 0
configure:3670: result: yes
configure:3687: checking for gcc option to accept ISO C89
configure:3750: gcc  -c -g -O2  conftest.c >&5
configure:3750: $? = 0
configure:3763: result: none needed
configure:3788: checking whether gcc understands -c and -o together
configure:3810: gcc -c conftest.c -o conftest2.o
configure:3813: $? = 0
configure:3810: gcc -c conftest.c -o conftest2.o
configure:3813: $? = 0
configure:3825: result: yes
configure:3853: checking for style of include used by make
configure:3881: result: GNU
configure:3907: checking dependency style of gcc
configure:4018: result: gcc3
configure:4063: checking build system type
configure:4077: result: x86_64-unknown-linux-gnu
configure:4097: checking host system type
configure:4110: result: x86_64-unknown-linux-gnu
configure:4151: checking how to print strings
configure:4178: result: printf
configure:4199: checking for a sed that does not truncate output
configure:4263: result: /bin/sed
configure:4281: checking for grep that handles long lines and -e
configure:4339: result: /bin/grep
configure:4344: checking for egrep
configure:4406: result: /bin/grep -E
configure:4411: checking for fgrep
configure:4473: result: /bin/grep -F
configure:4508: checking for ld used by gcc
configure:4575: result: /bin/ld
configure:4582: checking if the linker (/bin/ld) is GNU ld
configure:4597: result: yes
configure:4609: checking for BSD- or MS-compatible name lister (nm)
configure:4658: result: /bin/nm -B
configure:4788: checking the name lister (/bin/nm -B) interface
configure:4795: gcc -c -g -O2  conftest.c >&5
configure:4798: /bin/nm -B "conftest.o"
configure:4801: output
0000000000000000 B some_variable
configure:4808: result: BSD nm
configure:4811: checking whether ln -s works
configure:4815: result: yes
configure:4823: checking the maximum length of command line arguments
configure:4954: result: 1572864
configure:4971: checking whether the shell understands some XSI constructs
configure:4981: result: yes
configure:4985: checking whether the shell understands "+="
configure:4991: result: yes
configure:5026: checking how to convert x86_64-unknown-linux-gnu file names to x86_64-unknown-linux-gnu format
configure:5066: result: func_convert_file_noop
configure:5073: checking how to convert x86_64-unknown-linux-gnu file names to toolchain format
configure:5093: result: func_convert_file_noop
configure:5100: checking for /bin/ld option to reload object files
configure:5107: result: -r
configure:5181: checking for objdump
configure:5197: found /bin/objdump
configure:5208: result: objdump
configure:5240: checking how to recognize dependent libraries
configure:5438: result: pass_all
configure:5523: checking for dlltool
configure:5553: result: no
configure:5583: checking how to associate runtime and link libraries
configure:5610: result: printf %s\n
configure:5671: checking for ar
configure:5687: found /bin/ar
configure:5698: result: ar
configure:5735: checking for archiver @FILE support
configure:5752: gcc -c -g -O2  conftest.c >&5
configure:5752: $? = 0
configure:5755: ar cru libconftest.a @conftest.lst >&5
configure:5758: $? = 0
configure:5763: ar cru libconftest.a @conftest.lst >&5
ar: conftest.o: No such file or directory
configure:5766: $? = 1
configure:5778: result: @
configure:5836: checking for strip
configure:5852: found /bin/strip
configure:5863: result: strip
configure:5935: checking for ranlib
configure:5951: found /bin/ranlib
configure:5962: result: ranlib
configure:6064: checking command to parse /bin/nm -B output from gcc object
configure:6184: gcc -c -g -O2  conftest.c >&5
configure:6187: $? = 0
configure:6191: /bin/nm -B conftest.o \| sed -n -e 's/^.*[ ]\([ABCDGIRSTW][ABCDGIRSTW]*\)[ ][ ]*\([_A-Za-z][_A-Za-z0-9]*\)$/\1 \2 \2/p' | sed '/ __gnu_lto/d' \> conftest.nm
configure:6194: $? = 0
configure:6260: gcc -o conftest -g -O2   conftest.c conftstm.o >&5
configure:6263: $? = 0
configure:6301: result: ok
configure:6338: checking for sysroot
configure:6368: result: no
configure:6445: gcc -c -g -O2  conftest.c >&5
configure:6448: $? = 0
configure:6637: checking for mt
configure:6667: result: no
configure:6687: checking if : is a manifest tool
configure:6693: : '-?'
configure:6701: result: no
configure:7343: checking how to run the C preprocessor
configure:7374: gcc -E  conftest.c
configure:7374: $? = 0
configure:7388: gcc -E  conftest.c
conftest.c:9:28: fatal error: ac_nonexistent.h: No such file or directory
 #include <ac_nonexistent.h>
                            ^
compilation terminated.
configure:7388: $? = 1
configure: failed program was:
| /* confdefs.h */
| #define PACKAGE_NAME "clasttools"
| #define PACKAGE_TARNAME "clasttools"
| #define PACKAGE_VERSION "0.2.2"
| #define PACKAGE_STRING "clasttools 0.2.2"
| #define PACKAGE_BUGREPORT "pouchet@cse.ohio-state.edu"
| #define PACKAGE_URL ""
| /* end confdefs.h.  */
| #include <ac_nonexistent.h>
configure:7413: result: gcc -E
configure:7433: gcc -E  conftest.c
configure:7433: $? = 0
configure:7447: gcc -E  conftest.c
conftest.c:9:28: fatal error: ac_nonexistent.h: No such file or directory
 #include <ac_nonexistent.h>
                            ^
compilation terminated.
configure:7447: $? = 1
configure: failed program was:
| /* confdefs.h */
| #define PACKAGE_NAME "clasttools"
| #define PACKAGE_TARNAME "clasttools"
| #define PACKAGE_VERSION "0.2.2"
| #define PACKAGE_STRING "clasttools 0.2.2"
| #define PACKAGE_BUGREPORT "pouchet@cse.ohio-state.edu"
| #define PACKAGE_URL ""
| /* end confdefs.h.  */
| #include <ac_nonexistent.h>
configure:7476: checking for ANSI C header files
configure:7496: gcc -c -g -O2  conftest.c >&5
configure:7496: $? = 0
configure:7569: gcc -o conftest -g -O2   conftest.c  >&5
configure:7569: $? = 0
configure:7569: ./conftest
configure:7569: $? = 0
configure:7580: result: yes
configure:7593: checking for sys/types.h
configure:7593: gcc -c -g -O2  conftest.c >&5
configure:7593: $? = 0
configure:7593: result: yes
configure:7593: checking for sys/stat.h
configure:7593: gcc -c -g -O2  conftest.c >&5
configure:7593: $? = 0
configure:7593: result: yes
configure:7593: checking for stdlib.h
configure:7593: gcc -c -g -O2  conftest.c >&5
configure:7593: $? = 0
configure:7593: result: yes
configure:7593: checking for string.h
configure:7593: gcc -c -g -O2  conftest.c >&5
configure:7593: $? = 0
configure:7593: result: yes
configure:7593: checking for memory.h
configure:7593: gcc -c -g -O2  conftest.c >&5
configure:7593: $? = 0
configure:7593: result: yes
configure:7593: checking for strings.h
configure:7593: gcc -c -g -O2  conftest.c >&5
configure:7593: $? = 0
configure:7593: result: yes
configure:7593: checking for inttypes.h
configure:7593: gcc -c -g -O2  conftest.c >&5
configure:7593: $? = 0
configure:7593: result: yes
configure:7593: checking for stdint.h
configure:7593: gcc -c -g -O2  conftest.c >&5
configure:7593: $? = 0
configure:7593: result: yes
configure:7593: checking for unistd.h
configure:7593: gcc -c -g -O2  conftest.c >&5
configure:7593: $? = 0
configure:7593: result: yes
configure:7607: checking for dlfcn.h
configure:7607: gcc -c -g -O2  conftest.c >&5
configure:7607: $? = 0
configure:7607: result: yes
configure:7813: checking for objdir
configure:7828: result: .libs
configure:8099: checking if gcc supports -fno-rtti -fno-exceptions
configure:8117: gcc -c -g -O2  -fno-rtti -fno-exceptions conftest.c >&5
cc1: warning: command line option '-fno-rtti' is valid for C++/ObjC++ but not for C
configure:8121: $? = 0
configure:8134: result: no
configure:8461: checking for gcc option to produce PIC
configure:8468: result: -fPIC -DPIC
configure:8476: checking if gcc PIC flag -fPIC -DPIC works
configure:8494: gcc -c -g -O2  -fPIC -DPIC -DPIC conftest.c >&5
configure:8498: $? = 0
configure:8511: result: yes
configure:8540: checking if gcc static flag -static works
configure:8568: result: yes
configure:8583: checking if gcc supports -c -o file.o
configure:8604: gcc -c -g -O2  -o out/conftest2.o conftest.c >&5
configure:8608: $? = 0
configure:8630: result: yes
configure:8638: checking if gcc supports -c -o file.o
configure:8685: result: yes
configure:8718: checking whether the gcc linker (/bin/ld -m elf_x86_64) supports shared libraries
configure:9875: result: yes
configure:9912: checking whether -lc should be explicitly linked in
configure:9920: gcc -c -g -O2  conftest.c >&5
configure:9923: $? = 0
configure:9938: gcc -shared  -fPIC -DPIC conftest.o  -v -Wl,-soname -Wl,conftest -o conftest 2\>\&1 \| /bin/grep  -lc  \>/dev/null 2\>\&1
configure:9941: $? = 0
configure:9955: result: no
configure:10115: checking dynamic linker characteristics
configure:10615: gcc -o conftest -g -O2   -Wl,-rpath -Wl,/foo conftest.c  >&5
configure:10615: $? = 0
configure:10849: result: GNU/Linux ld.so
configure:10956: checking how to hardcode library paths into programs
configure:10981: result: immediate
configure:11521: checking whether stripping libraries is possible
configure:11526: result: yes
configure:11561: checking if libtool supports shared libraries
configure:11563: result: yes
configure:11566: checking whether to build shared libraries
configure:11587: result: yes
configure:11590: checking whether to build static libraries
configure:11594: result: no
configure:11634: checking for ANSI C header files
configure:11738: result: yes
configure:11749: checking errno.h usability
configure:11749: gcc -c -g -O2  conftest.c >&5
configure:11749: $? = 0
configure:11749: result: yes
configure:11749: checking errno.h presence
configure:11749: gcc -E  conftest.c
configure:11749: $? = 0
configure:11749: result: yes
configure:11749: checking for errno.h
configure:11749: result: yes
configure:11749: checking stddef.h usability
configure:11749: gcc -c -g -O2  conftest.c >&5
configure:11749: $? = 0
configure:11749: result: yes
configure:11749: checking stddef.h presence
configure:11749: gcc -E  conftest.c
configure:11749: $? = 0
configure:11749: result: yes
configure:11749: checking for stddef.h
configure:11749: result: yes
configure:11749: checking for stdlib.h
configure:11749: result: yes
configure:11749: checking for string.h
configure:11749: result: yes
configure:11749: checking for strings.h
configure:11749: result: yes
configure:11749: checking for unistd.h
configure:11749: result: yes
configure:11761: checking for an ANSI C-conforming const
configure:11827: gcc -c -g -O2  conftest.c >&5
configure:11827: $? = 0
configure:11834: result: yes
configure:11842: checking for pid_t
configure:11842: gcc -c -g -O2  conftest.c >&5
configure:11842: $? = 0
configure:11842: gcc -c -g -O2  conftest.c >&5
conftest.c: In function 'main':
conftest.c:64:20: error: expected expression before ')' token
 if (sizeof ((pid_t)))
                    ^
configure:11842: $? = 1
configure: failed program was:
| /* confdefs.h */
| #define PACKAGE_NAME "clasttools"
| #define PACKAGE_TARNAME "clasttools"
| #define PACKAGE_VERSION "0.2.2"
| #define PACKAGE_STRING "clasttools 0.2.2"
| #define PACKAGE_BUGREPORT "pouchet@cse.ohio-state.edu"
| #define PACKAGE_URL ""
| #define STDC_HEADERS 1
| #define HAVE_SYS_TYPES_H 1
| #define HAVE_SYS_STAT_H 1
| #define HAVE_STDLIB_H 1
| #define HAVE_STRING_H 1
| #define HAVE_MEMORY_H 1
| #define HAVE_STRINGS_H 1
| #define HAVE_INTTYPES_H 1
| #define HAVE_STDINT_H 1
| #define HAVE_UNISTD_H 1
| #define HAVE_DLFCN_H 1
| #define LT_OBJDIR ".libs/"
| #define STDC_HEADERS 1
| #define HAVE_ERRNO_H 1
| #define HAVE_STDDEF_H 1
| #define HAVE_STDLIB_H 1
| #define HAVE_STRING_H 1
| #define HAVE_STRINGS_H 1
| #define HAVE_UNISTD_H 1
| /* end confdefs.h.  */
| #include <stdio.h>
| #ifdef HAVE_SYS_TYPES_H
| # include <sys/types.h>
| #endif
| #ifdef HAVE_SYS_STAT_H
| # include <sys/stat.h>
| #endif
| #ifdef STDC_HEADERS
| # include <stdlib.h>
| # include <stddef.h>
| #else
| # ifdef HAVE_STDLIB_H
| #  include <stdlib.h>
| # endif
| #endif
| #ifdef HAVE_STRING_H
| # if !defined STDC_HEADERS && defined HAVE_MEMORY_H
| #  include <memory.h>
| # endif
| # include <string.h>
| #endif
| #ifdef HAVE_STRINGS_H
| # include <strings.h>
| #endif
| #ifdef HAVE_INTTYPES_H
| # include <inttypes.h>
| #endif
| #ifdef HAVE_STDINT_H
| # include <stdint.h>
| #endif
| #ifdef HAVE_UNISTD_H
| # include <unistd.h>
| #endif
| int
| main ()
| {
| if (sizeof ((pid_t)))
| 	    return 0;
|   ;
|   return 0;
| }
configure:11842: result: yes
configure:11853: checking for size_t
configure:11853: gcc -c -g -O2  conftest.c >&5
configure:11853: $? = 0
configure:11853: gcc -c -g -O2  conftest.c >&5
conftest.c: In function 'main':
conftest.c:64:21: error: expected expression before ')' token
 if (sizeof ((size_t)))
                     ^
configure:11853: $? = 1
configure: failed program was:
| /* confdefs.h */
| #define PACKAGE_NAME "clasttools"
| #define PACKAGE_TARNAME "clasttools"
| #define PACKAGE_VERSION "0.2.2"
| #define PACKAGE_STRING "clasttools 0.2.2"
| #define PACKAGE_BUGREPORT "pouchet@cse.ohio-state.edu"
| #define PACKAGE_URL ""
| #define STDC_HEADERS 1
| #define HAVE_SYS_TYPES_H 1
| #define HAVE_SYS_STAT_H 1
| #define HAVE_STDLIB_H 1
| #define HAVE_STRING_H 1
| #define HAVE_MEMORY_H 1
| #define HAVE_STRINGS_H 1
| #define HAVE_INTTYPES_H 1
| #define HAVE_STDINT_H 1
| #define HAVE_UNISTD_H 1
| #define HAVE_DLFCN_H 1
| #define LT_OBJDIR ".libs/"
| #define STDC_HEADERS 1
| #define HAVE_ERRNO_H 1
| #define HAVE_STDDEF_H 1
| #define HAVE_STDLIB_H 1
| #define HAVE_STRING_H 1
| #define HAVE_STRINGS_H 1
| #define HAVE_UNISTD_H 1
| /* end confdefs.h.  */
| #include <stdio.h>
| #ifdef HAVE_SYS_TYPES_H
| # include <sys/types.h>
| #endif
| #ifdef HAVE_SYS_STAT_H
| # include <sys/stat.h>
| #endif
| #ifdef STDC_HEADERS
| # include <stdlib.h>
| # include <stddef.h>
| #else
| # ifdef HAVE_STDLIB_H
| #  include <stdlib.h>
| # endif
| #endif
| #ifdef HAVE_STRING_H
| # if !defined STDC_HEADERS && defined HAVE_MEMORY_H
| #  include <memory.h>
| # endif
| # include <string.h>
| #endif
| #ifdef HAVE_STRINGS_H
| # include <strings.h>
| #endif
| #ifdef HAVE_INTTYPES_H
| # include <inttypes.h>
| #endif
| #ifdef HAVE_STDINT_H
| # include <stdint.h>
| #endif
| #ifdef HAVE_UNISTD_H
| # include <unistd.h>
| #endif
| int
| main ()
| {
| if (sizeof ((size_t)))
| 	    return 0;
|   ;
|   return 0;
| }
configure:11853: result: yes
configure:11864: checking for working volatile
configure:11883: gcc -c -g -O2  conftest.c >&5
configure:11883: $? = 0
configure:11890: result: yes
configure:11913: checking for library containing cloog_program_generate
configure:11944: gcc -o conftest -g -O2  -I/s/chopin/b/grad/rohan94/Downloads/pocc-1.4/generators/install-cloog/include  -L/s/chopin/b/grad/rohan94/Downloads/pocc-1.4/generators/install-cloog/lib conftest.c  >&5
/tmp/ccZh8jmm.o: In function `main':
/s/chopin/b/grad/rohan94/Downloads/pocc-1.4/generators/clasttools/conftest.c:39: undefined reference to `cloog_program_generate'
collect2: error: ld returned 1 exit status
configure:11944: $? = 1
configure: failed program was:
| /* confdefs.h */
| #define PACKAGE_NAME "clasttools"
| #define PACKAGE_TARNAME "clasttools"
| #define PACKAGE_VERSION "0.2.2"
| #define PACKAGE_STRING "clasttools 0.2.2"
| #define PACKAGE_BUGREPORT "pouchet@cse.ohio-state.edu"
| #define PACKAGE_URL ""
| #define STDC_HEADERS 1
| #define HAVE_SYS_TYPES_H 1
| #define HAVE_SYS_STAT_H 1
| #define HAVE_STDLIB_H 1
| #define HAVE_STRING_H 1
| #define HAVE_MEMORY_H 1
| #define HAVE_STRINGS_H 1
| #define HAVE_INTTYPES_H 1
| #define HAVE_STDINT_H 1
| #define HAVE_UNISTD_H 1
| #define HAVE_DLFCN_H 1
| #define LT_OBJDIR ".libs/"
| #define STDC_HEADERS 1
| #define HAVE_ERRNO_H 1
| #define HAVE_STDDEF_H 1
| #define HAVE_STDLIB_H 1
| #define HAVE_STRING_H 1
| #define HAVE_STRINGS_H 1
| #define HAVE_UNISTD_H 1
| /* end confdefs.h.  */
| 
| /* Override any GCC internal prototype to avoid an error.
|    Use char because int might match the return type of a GCC
|    builtin and then its argument prototype would still apply.  */
| #ifdef __cplusplus
| extern "C"
| #endif
| char cloog_program_generate ();
| int
| main ()
| {
| return cloog_program_generate ();
|   ;
|   return 0;
| }
configure:11944: gcc -o conftest -g -O2  -I/s/chopin/b/grad/rohan94/Downloads/pocc-1.4/generators/install-cloog/include  -L/s/chopin/b/grad/rohan94/Downloads/pocc-1.4/generators/install-cloog/lib conftest.c -lcloog-isl   >&5
configure:11944: $? = 0
configure:11961: result: -lcloog-isl
configure:12007: checking for library containing past_pprint
configure:12038: gcc -o conftest -g -O2  -I/s/chopin/b/grad/rohan94/Downloads/pocc-1.4/generators/install-cloog/include -I/s/chopin/b/grad/rohan94/Downloads/pocc-1.4/math/external/install/include -I/s/chopin/b/grad/rohan94/Downloads/pocc-1.4/ir/install-past/include  -L/s/chopin/b/grad/rohan94/Downloads/pocc-1.4/generators/install-cloog/lib -L/s/chopin/b/grad/rohan94/Downloads/pocc-1.4/ir/install-past/lib conftest.c -lcloog-isl -lcloog-isl  >&5
/tmp/cc7w7WCy.o: In function `main':
/s/chopin/b/grad/rohan94/Downloads/pocc-1.4/generators/clasttools/conftest.c:40: undefined reference to `past_pprint'
collect2: error: ld returned 1 exit status
configure:12038: $? = 1
configure: failed program was:
| /* confdefs.h */
| #define PACKAGE_NAME "clasttools"
| #define PACKAGE_TARNAME "clasttools"
| #define PACKAGE_VERSION "0.2.2"
| #define PACKAGE_STRING "clasttools 0.2.2"
| #define PACKAGE_BUGREPORT "pouchet@cse.ohio-state.edu"
| #define PACKAGE_URL ""
| #define STDC_HEADERS 1
| #define HAVE_SYS_TYPES_H 1
| #define HAVE_SYS_STAT_H 1
| #define HAVE_STDLIB_H 1
| #define HAVE_STRING_H 1
| #define HAVE_MEMORY_H 1
| #define HAVE_STRINGS_H 1
| #define HAVE_INTTYPES_H 1
| #define HAVE_STDINT_H 1
| #define HAVE_UNISTD_H 1
| #define HAVE_DLFCN_H 1
| #define LT_OBJDIR ".libs/"
| #define STDC_HEADERS 1
| #define HAVE_ERRNO_H 1
| #define HAVE_STDDEF_H 1
| #define HAVE_STDLIB_H 1
| #define HAVE_STRING_H 1
| #define HAVE_STRINGS_H 1
| #define HAVE_UNISTD_H 1
| #define HAVE_LIBCLOOG 1
| /* end confdefs.h.  */
| 
| /* Override any GCC internal prototype to avoid an error.
|    Use char because int might match the return type of a GCC
|    builtin and then its argument prototype would still apply.  */
| #ifdef __cplusplus
| extern "C"
| #endif
| char past_pprint ();
| int
| main ()
| {
| return past_pprint ();
|   ;
|   return 0;
| }
configure:12038: gcc -o conftest -g -O2  -I/s/chopin/b/grad/rohan94/Downloads/pocc-1.4/generators/install-cloog/include -I/s/chopin/b/grad/rohan94/Downloads/pocc-1.4/math/external/install/include -I/s/chopin/b/grad/rohan94/Downloads/pocc-1.4/ir/install-past/include  -L/s/chopin/b/grad/rohan94/Downloads/pocc-1.4/generators/install-cloog/lib -L/s/chopin/b/grad/rohan94/Downloads/pocc-1.4/ir/install-past/lib conftest.c -lpast  -lcloog-isl -lcloog-isl  >&5
configure:12038: $? = 0
configure:12055: result: -lpast
configure:12197: checking that generated files are newer than configure
configure:12203: result: done
configure:12226: creating ./config.status

## ---------------------- ##
## Running config.status. ##
## ---------------------- ##

This file was extended by clasttools config.status 0.2.2, which was
generated by GNU Autoconf 2.69.  Invocation command line was

  CONFIG_FILES    = 
  CONFIG_HEADERS  = 
  CONFIG_LINKS    = 
  CONFIG_COMMANDS = 
  $ ./config.status 

on jackson

config.status:1093: creating Makefile
config.status:1093: creating doc/Makefile
config.status:1093: creating clasttools/Makefile
config.status:1093: creating src/Makefile
config.status:1093: creating tests/Makefile
config.status:1093: creating clasttools/include/clasttools/config.h
config.status:1322: executing depfiles commands
config.status:1322: executing libtool commands

## ---------------- ##
## Cache variables. ##
## ---------------- ##

ac_cv_build=x86_64-unknown-linux-gnu
ac_cv_c_compiler_gnu=yes
ac_cv_c_const=yes
ac_cv_c_volatile=yes
ac_cv_env_CC_set=
ac_cv_env_CC_value=
ac_cv_env_CFLAGS_set=
ac_cv_env_CFLAGS_value=
ac_cv_env_CPPFLAGS_set=
ac_cv_env_CPPFLAGS_value=
ac_cv_env_CPP_set=
ac_cv_env_CPP_value=
ac_cv_env_LDFLAGS_set=
ac_cv_env_LDFLAGS_value=
ac_cv_env_LIBS_set=
ac_cv_env_LIBS_value=
ac_cv_env_build_alias_set=
ac_cv_env_build_alias_value=
ac_cv_env_host_alias_set=
ac_cv_env_host_alias_value=
ac_cv_env_target_alias_set=
ac_cv_env_target_alias_value=
ac_cv_header_dlfcn_h=yes
ac_cv_header_errno_h=yes
ac_cv_header_inttypes_h=yes
ac_cv_header_memory_h=yes
ac_cv_header_stdc=yes
ac_cv_header_stddef_h=yes
ac_cv_header_stdint_h=yes
ac_cv_header_stdlib_h=yes
ac_cv_header_string_h=yes
ac_cv_header_strings_h=yes
ac_cv_header_sys_stat_h=yes
ac_cv_header_sys_types_h=yes
ac_cv_header_unistd_h=yes
ac_cv_host=x86_64-unknown-linux-gnu
ac_cv_objext=o
ac_cv_path_EGREP='/bin/grep -E'
ac_cv_path_FGREP='/bin/grep -F'
ac_cv_path_GREP=/bin/grep
ac_cv_path_SED=/bin/sed
ac_cv_path_install='/bin/install -c'
ac_cv_path_mkdir=/bin/mkdir
ac_cv_prog_AWK=gawk
ac_cv_prog_CPP='gcc -E'
ac_cv_prog_ac_ct_AR=ar
ac_cv_prog_ac_ct_CC=gcc
ac_cv_prog_ac_ct_OBJDUMP=objdump
ac_cv_prog_ac_ct_RANLIB=ranlib
ac_cv_prog_ac_ct_STRIP=strip
ac_cv_prog_cc_c89=
ac_cv_prog_cc_g=yes
ac_cv_prog_make_make_set=yes
ac_cv_search_cloog_program_generate=-lcloog-isl
ac_cv_search_past_pprint=-lpast
ac_cv_type_pid_t=yes
ac_cv_type_size_t=yes
am_cv_CC_dependencies_compiler_type=gcc3
am_cv_make_support_nested_variables=yes
am_cv_prog_cc_c_o=yes
am_cv_prog_tar_ustar=gnutar
lt_cv_ar_at_file=@
lt_cv_archive_cmds_need_lc=no
lt_cv_deplibs_check_method=pass_all
lt_cv_file_magic_cmd='$MAGIC_CMD'
lt_cv_file_magic_test_file=
lt_cv_ld_reload_flag=-r
lt_cv_nm_interface='BSD nm'
lt_cv_objdir=.libs
lt_cv_path_LD=/bin/ld
lt_cv_path_NM='/bin/nm -B'
lt_cv_path_mainfest_tool=no
lt_cv_prog_compiler_c_o=yes
lt_cv_prog_compiler_pic='-fPIC -DPIC'
lt_cv_prog_compiler_pic_works=yes
lt_cv_prog_compiler_rtti_exceptions=no
lt_cv_prog_compiler_static_works=yes
lt_cv_prog_gnu_ld=yes
lt_cv_sharedlib_from_linklib_cmd='printf %s\n'
lt_cv_shlibpath_overrides_runpath=no
lt_cv_sys_global_symbol_pipe='sed -n -e '\''s/^.*[	 ]\([ABCDGIRSTW][ABCDGIRSTW]*\)[	 ][	 ]*\([_A-Za-z][_A-Za-z0-9]*\)$/\1 \2 \2/p'\'' | sed '\''/ __gnu_lto/d'\'''
lt_cv_sys_global_symbol_to_c_name_address='sed -n -e '\''s/^: \([^ ]*\)[ ]*$/  {\"\1\", (void *) 0},/p'\'' -e '\''s/^[ABCDGIRSTW]* \([^ ]*\) \([^ ]*\)$/  {"\2", (void *) \&\2},/p'\'''
lt_cv_sys_global_symbol_to_c_name_address_lib_prefix='sed -n -e '\''s/^: \([^ ]*\)[ ]*$/  {\"\1\", (void *) 0},/p'\'' -e '\''s/^[ABCDGIRSTW]* \([^ ]*\) \(lib[^ ]*\)$/  {"\2", (void *) \&\2},/p'\'' -e '\''s/^[ABCDGIRSTW]* \([^ ]*\) \([^ ]*\)$/  {"lib\2", (void *) \&\2},/p'\'''
lt_cv_sys_global_symbol_to_cdecl='sed -n -e '\''s/^T .* \(.*\)$/extern int \1();/p'\'' -e '\''s/^[ABCDGIRSTW]* .* \(.*\)$/extern char \1;/p'\'''
lt_cv_sys_max_cmd_len=1572864
lt_cv_to_host_file_cmd=func_convert_file_noop
lt_cv_to_tool_file_cmd=func_convert_file_noop

## ----------------- ##
## Output variables. ##
## ----------------- ##

ACLOCAL='${SHELL} /s/chopin/b/grad/rohan94/Downloads/pocc-1.4/generators/clasttools/config/missing aclocal-1.14'
AMDEPBACKSLASH='\'
AMDEP_FALSE='#'
AMDEP_TRUE=''
AMTAR='$${TAR-tar}'
AM_BACKSLASH='\'
AM_DEFAULT_V='$(AM_DEFAULT_VERBOSITY)'
AM_DEFAULT_VERBOSITY='1'
AM_V='$(V)'
AR='ar'
AUTOCONF='${SHELL} /s/chopin/b/grad/rohan94/Downloads/pocc-1.4/generators/clasttools/config/missing autoconf'
AUTOHEADER='${SHELL} /s/chopin/b/grad/rohan94/Downloads/pocc-1.4/generators/clasttools/config/missing autoheader'
AUTOMAKE='${SHELL} /s/chopin/b/grad/rohan94/Downloads/pocc-1.4/generators/clasttools/config/missing automake-1.14'
AWK='gawk'
CC='gcc'
CCDEPMODE='depmode=gcc3'
CFLAGS='-g -O2'
CPP='gcc -E'
CPPFLAGS=' -I/s/chopin/b/grad/rohan94/Downloads/pocc-1.4/generators/install-cloog/include -I/s/chopin/b/grad/rohan94/Downloads/pocc-1.4/math/external/install/include -I/s/chopin/b/grad/rohan94/Downloads/pocc-1.4/ir/install-past/include'
CYGPATH_W='echo'
DEFS='-DHAVE_CONFIG_H'
DEPDIR='.deps'
DLLTOOL='false'
DSYMUTIL=''
DUMPBIN=''
ECHO_C=''
ECHO_N='-n'
ECHO_T=''
EGREP='/bin/grep -E'
EXEEXT=''
FGREP='/bin/grep -F'
GREP='/bin/grep'
INSTALL_DATA='${INSTALL} -m 644'
INSTALL_PROGRAM='${INSTALL}'
INSTALL_SCRIPT='${INSTALL}'
INSTALL_STRIP_PROGRAM='$(install_sh) -c -s'
LD='/bin/ld -m elf_x86_64'
LDFLAGS=' -L/s/chopin/b/grad/rohan94/Downloads/pocc-1.4/generators/install-cloog/lib -L/s/chopin/b/grad/rohan94/Downloads/pocc-1.4/ir/install-past/lib'
LIBOBJS=''
LIBS='-lpast -lpast -lcloog-isl -lcloog-isl '
LIBTOOL='$(SHELL) $(top_builddir)/libtool'
LIPO=''
LN_S='ln -s'
LTLIBOBJS=''
MAKEINFO='${SHELL} /s/chopin/b/grad/rohan94/Downloads/pocc-1.4/generators/clasttools/config/missing makeinfo'
MANIFEST_TOOL=':'
MKDIR_P='/bin/mkdir -p'
NM='/bin/nm -B'
NMEDIT=''
OBJDUMP='objdump'
OBJEXT='o'
OTOOL64=''
OTOOL=''
PACKAGE='clasttools'
PACKAGE_BUGREPORT='pouchet@cse.ohio-state.edu'
PACKAGE_NAME='clasttools'
PACKAGE_STRING='clasttools 0.2.2'
PACKAGE_TARNAME='clasttools'
PACKAGE_URL=''
PACKAGE_VERSION='0.2.2'
PATH_SEPARATOR=':'
RANLIB='ranlib'
SED='/bin/sed'
SET_MAKE=''
SHELL='/bin/sh'
STRIP='strip'
VERSION='0.2.2'
ac_aux_dir='config'
ac_ct_AR='ar'
ac_ct_CC='gcc'
ac_ct_DUMPBIN=''
am__EXEEXT_FALSE=''
am__EXEEXT_TRUE='#'
am__fastdepCC_FALSE='#'
am__fastdepCC_TRUE=''
am__include='include'
am__isrc=''
am__leading_dot='.'
am__nodep='_no'
am__quote=''
am__tar='tar --format=ustar -chf - "$$tardir"'
am__untar='tar -xf -'
bindir='${exec_prefix}/bin'
build='x86_64-unknown-linux-gnu'
build_alias=''
build_cpu='x86_64'
build_os='linux-gnu'
build_vendor='unknown'
datadir='${datarootdir}'
datarootdir='${prefix}/share'
docdir='${datarootdir}/doc/${PACKAGE_TARNAME}'
dvidir='${docdir}'
exec_prefix='${prefix}'
host='x86_64-unknown-linux-gnu'
host_alias=''
host_cpu='x86_64'
host_os='linux-gnu'
host_vendor='unknown'
htmldir='${docdir}'
includedir='${prefix}/include'
infodir='${datarootdir}/info'
install_sh='${SHELL} /s/chopin/b/grad/rohan94/Downloads/pocc-1.4/generators/clasttools/config/install-sh'
libdir='${exec_prefix}/lib'
libexecdir='${exec_prefix}/libexec'
localedir='${datarootdir}/locale'
localstatedir='${prefix}/var'
mandir='${datarootdir}/man'
mkdir_p='$(MKDIR_P)'
oldincludedir='/usr/include'
pdfdir='${docdir}'
prefix='/s/chopin/b/grad/rohan94/Downloads/pocc-1.4/generators/install-clasttools'
program_transform_name='s,x,x,'
psdir='${docdir}'
sbindir='${exec_prefix}/sbin'
sharedstatedir='${prefix}/com'
sysconfdir='${prefix}/etc'
target_alias=''

## ----------- ##
## confdefs.h. ##
## ----------- ##

/* confdefs.h */
#define PACKAGE_NAME "clasttools"
#define PACKAGE_TARNAME "clasttools"
#define PACKAGE_VERSION "0.2.2"
#define PACKAGE_STRING "clasttools 0.2.2"
#define PACKAGE_BUGREPORT "pouchet@cse.ohio-state.edu"
#define PACKAGE_URL ""
#define STDC_HEADERS 1
#define HAVE_SYS_TYPES_H 1
#define HAVE_SYS_STAT_H 1
#define HAVE_STDLIB_H 1
#define HAVE_STRING_H 1
#define HAVE_MEMORY_H 1
#define HAVE_STRINGS_H 1
#define HAVE_INTTYPES_H 1
#define HAVE_STDINT_H 1
#define HAVE_UNISTD_H 1
#define HAVE_DLFCN_H 1
#define LT_OBJDIR ".libs/"
#define STDC_HEADERS 1
#define HAVE_ERRNO_H 1
#define HAVE_STDDEF_H 1
#define HAVE_STDLIB_H 1
#define HAVE_STRING_H 1
#define HAVE_STRINGS_H 1
#define HAVE_UNISTD_H 1
#define HAVE_LIBCLOOG 1
#define HAVE_LIBPAST 1

configure: exit 0
