This file contains any messages produced by compilers while
running configure, to aid debugging if configure makes a mistake.

It was created by clastannotation configure 0.1.0, which was
generated by GNU Autoconf 2.69.  Invocation command line was

  $ ./configure --disable-static --enable-shared --prefix=/s/chopin/b/grad/rohan94/Downloads/pocc-1.4/generators/install-clastannotation --with-scoplib=/s/chopin/b/grad/rohan94/Downloads/pocc-1.4/ir/install-scoplib --with-cloog=/s/chopin/b/grad/rohan94/Downloads/pocc-1.4/generators/install-cloog --with-gmp-prefix=/s/chopin/b/grad/rohan94/Downloads/pocc-1.4/math/external/install --with-candl=/s/chopin/b/grad/rohan94/Downloads/pocc-1.4/analyzers/install-candl --with-piplib=/s/chopin/b/grad/rohan94/Downloads/pocc-1.4/math/install-piplib-hybrid --with-scoptools=/s/chopin/b/grad/rohan94/Downloads/pocc-1.4/ir/install-scoptools --with-clasttools=/s/chopin/b/grad/rohan94/Downloads/pocc-1.4/generators/install-clasttools

## --------- ##
## Platform. ##
## --------- ##

hostname = jackson
uname -m = x86_64
uname -r = 4.13.5-100.fc25.x86_64
uname -s = Linux
uname -v = #1 SMP Fri Oct 6 01:01:44 UTC 2017

/usr/bin/uname -p = x86_64
/bin/uname -X     = unknown

/bin/arch              = x86_64
/usr/bin/arch -k       = unknown
/usr/convex/getsysinfo = unknown
/usr/bin/hostinfo      = unknown
/bin/machine           = unknown
/usr/bin/oslevel       = unknown
/bin/universe          = unknown

PATH: /s/chopin/b/grad/rohan94/bin
PATH: /bin
PATH: /usr/bin
PATH: /sbin
PATH: /usr/sbin
PATH: /usr/local/bin
PATH: .


## ----------- ##
## Core tests. ##
## ----------- ##

configure:2329: checking for a BSD-compatible install
configure:2397: result: /bin/install -c
configure:2408: checking whether build environment is sane
configure:2463: result: yes
configure:2614: checking for a thread-safe mkdir -p
configure:2653: result: /bin/mkdir -p
configure:2660: checking for gawk
configure:2676: found /bin/gawk
configure:2687: result: gawk
configure:2698: checking whether make sets $(MAKE)
configure:2720: result: yes
configure:2749: checking whether make supports nested variables
configure:2766: result: yes
configure:2846: checking whether UID '4422' is supported by ustar format
configure:2849: result: yes
configure:2856: checking whether GID '1556' is supported by ustar format
configure:2859: result: yes
configure:2867: checking how to create a ustar tar archive
configure:2878: tar --version
tar (GNU tar) 1.29
Copyright (C) 2015 Free Software Foundation, Inc.
License GPLv3+: GNU GPL version 3 or later <http://gnu.org/licenses/gpl.html>.
This is free software: you are free to change and redistribute it.
There is NO WARRANTY, to the extent permitted by law.

Written by John Gilmore and Jay Fenlason.
configure:2881: $? = 0
configure:2921: tardir=conftest.dir && eval tar --format=ustar -chf - "$tardir" >conftest.tar
configure:2924: $? = 0
configure:2928: tar -xf - <conftest.tar
configure:2931: $? = 0
configure:2933: cat conftest.dir/file
GrepMe
configure:2936: $? = 0
configure:2949: result: gnutar
configure:3050: checking for gcc
configure:3066: found /bin/gcc
configure:3077: result: gcc
configure:3306: checking for C compiler version
configure:3315: gcc --version >&5
gcc (GCC) 6.4.1 20170727 (Red Hat 6.4.1-1)
Copyright (C) 2017 Free Software Foundation, Inc.
This is free software; see the source for copying conditions.  There is NO
warranty; not even for MERCHANTABILITY or FITNESS FOR A PARTICULAR PURPOSE.

configure:3326: $? = 0
configure:3315: gcc -v >&5
Using built-in specs.
COLLECT_GCC=gcc
COLLECT_LTO_WRAPPER=/usr/libexec/gcc/x86_64-redhat-linux/6.4.1/lto-wrapper
Target: x86_64-redhat-linux
Configured with: ../configure --enable-bootstrap --enable-languages=c,c++,objc,obj-c++,fortran,ada,go,lto --prefix=/usr --mandir=/usr/share/man --infodir=/usr/share/info --with-bugurl=http://bugzilla.redhat.com/bugzilla --enable-shared --enable-threads=posix --enable-checking=release --enable-multilib --with-system-zlib --enable-__cxa_atexit --disable-libunwind-exceptions --enable-gnu-unique-object --enable-linker-build-id --with-linker-hash-style=gnu --enable-plugin --enable-initfini-array --disable-libgcj --with-isl --enable-libmpx --enable-gnu-indirect-function --with-tune=generic --with-arch_32=i686 --build=x86_64-redhat-linux
Thread model: posix
gcc version 6.4.1 20170727 (Red Hat 6.4.1-1) (GCC) 
configure:3326: $? = 0
configure:3315: gcc -V >&5
gcc: error: unrecognized command line option '-V'
gcc: fatal error: no input files
compilation terminated.
configure:3326: $? = 1
configure:3315: gcc -qversion >&5
gcc: error: unrecognized command line option '-qversion'; did you mean '--version'?
gcc: fatal error: no input files
compilation terminated.
configure:3326: $? = 1
configure:3346: checking whether the C compiler works
configure:3368: gcc    conftest.c  >&5
configure:3372: $? = 0
configure:3420: result: yes
configure:3423: checking for C compiler default output file name
configure:3425: result: a.out
configure:3431: checking for suffix of executables
configure:3438: gcc -o conftest    conftest.c  >&5
configure:3442: $? = 0
configure:3464: result: 
configure:3486: checking whether we are cross compiling
configure:3494: gcc -o conftest    conftest.c  >&5
configure:3498: $? = 0
configure:3505: ./conftest
configure:3509: $? = 0
configure:3524: result: no
configure:3529: checking for suffix of object files
configure:3551: gcc -c   conftest.c >&5
configure:3555: $? = 0
configure:3576: result: o
configure:3580: checking whether we are using the GNU C compiler
configure:3599: gcc -c   conftest.c >&5
configure:3599: $? = 0
configure:3608: result: yes
configure:3617: checking whether gcc accepts -g
configure:3637: gcc -c -g  conftest.c >&5
configure:3637: $? = 0
configure:3678: result: yes
configure:3695: checking for gcc option to accept ISO C89
configure:3758: gcc  -c -g -O2  conftest.c >&5
configure:3758: $? = 0
configure:3771: result: none needed
configure:3796: checking whether gcc understands -c and -o together
configure:3818: gcc -c conftest.c -o conftest2.o
configure:3821: $? = 0
configure:3818: gcc -c conftest.c -o conftest2.o
configure:3821: $? = 0
configure:3833: result: yes
configure:3861: checking for style of include used by make
configure:3889: result: GNU
configure:3915: checking dependency style of gcc
configure:4026: result: gcc3
configure:4071: checking build system type
configure:4085: result: x86_64-unknown-linux-gnu
configure:4105: checking host system type
configure:4118: result: x86_64-unknown-linux-gnu
configure:4159: checking how to print strings
configure:4186: result: printf
configure:4207: checking for a sed that does not truncate output
configure:4271: result: /bin/sed
configure:4289: checking for grep that handles long lines and -e
configure:4347: result: /bin/grep
configure:4352: checking for egrep
configure:4414: result: /bin/grep -E
configure:4419: checking for fgrep
configure:4481: result: /bin/grep -F
configure:4516: checking for ld used by gcc
configure:4583: result: /bin/ld
configure:4590: checking if the linker (/bin/ld) is GNU ld
configure:4605: result: yes
configure:4617: checking for BSD- or MS-compatible name lister (nm)
configure:4666: result: /bin/nm -B
configure:4796: checking the name lister (/bin/nm -B) interface
configure:4803: gcc -c -g -O2  conftest.c >&5
configure:4806: /bin/nm -B "conftest.o"
configure:4809: output
0000000000000000 B some_variable
configure:4816: result: BSD nm
configure:4819: checking whether ln -s works
configure:4823: result: yes
configure:4831: checking the maximum length of command line arguments
configure:4962: result: 1572864
configure:4979: checking whether the shell understands some XSI constructs
configure:4989: result: yes
configure:4993: checking whether the shell understands "+="
configure:4999: result: yes
configure:5034: checking how to convert x86_64-unknown-linux-gnu file names to x86_64-unknown-linux-gnu format
configure:5074: result: func_convert_file_noop
configure:5081: checking how to convert x86_64-unknown-linux-gnu file names to toolchain format
configure:5101: result: func_convert_file_noop
configure:5108: checking for /bin/ld option to reload object files
configure:5115: result: -r
configure:5189: checking for objdump
configure:5205: found /bin/objdump
configure:5216: result: objdump
configure:5248: checking how to recognize dependent libraries
configure:5446: result: pass_all
configure:5531: checking for dlltool
configure:5561: result: no
configure:5591: checking how to associate runtime and link libraries
configure:5618: result: printf %s\n
configure:5679: checking for ar
configure:5695: found /bin/ar
configure:5706: result: ar
configure:5743: checking for archiver @FILE support
configure:5760: gcc -c -g -O2  conftest.c >&5
configure:5760: $? = 0
configure:5763: ar cru libconftest.a @conftest.lst >&5
configure:5766: $? = 0
configure:5771: ar cru libconftest.a @conftest.lst >&5
ar: conftest.o: No such file or directory
configure:5774: $? = 1
configure:5786: result: @
configure:5844: checking for strip
configure:5860: found /bin/strip
configure:5871: result: strip
configure:5943: checking for ranlib
configure:5959: found /bin/ranlib
configure:5970: result: ranlib
configure:6072: checking command to parse /bin/nm -B output from gcc object
configure:6192: gcc -c -g -O2  conftest.c >&5
configure:6195: $? = 0
configure:6199: /bin/nm -B conftest.o \| sed -n -e 's/^.*[ ]\([ABCDGIRSTW][ABCDGIRSTW]*\)[ ][ ]*\([_A-Za-z][_A-Za-z0-9]*\)$/\1 \2 \2/p' | sed '/ __gnu_lto/d' \> conftest.nm
configure:6202: $? = 0
configure:6268: gcc -o conftest -g -O2   conftest.c conftstm.o >&5
configure:6271: $? = 0
configure:6309: result: ok
configure:6346: checking for sysroot
configure:6376: result: no
configure:6453: gcc -c -g -O2  conftest.c >&5
configure:6456: $? = 0
configure:6645: checking for mt
configure:6675: result: no
configure:6695: checking if : is a manifest tool
configure:6701: : '-?'
configure:6709: result: no
configure:7351: checking how to run the C preprocessor
configure:7382: gcc -E  conftest.c
configure:7382: $? = 0
configure:7396: gcc -E  conftest.c
conftest.c:9:28: fatal error: ac_nonexistent.h: No such file or directory
 #include <ac_nonexistent.h>
                            ^
compilation terminated.
configure:7396: $? = 1
configure: failed program was:
| /* confdefs.h */
| #define PACKAGE_NAME "clastannotation"
| #define PACKAGE_TARNAME "clastannotation"
| #define PACKAGE_VERSION "0.1.0"
| #define PACKAGE_STRING "clastannotation 0.1.0"
| #define PACKAGE_BUGREPORT "pouchet@cse.ohio-state.edu"
| #define PACKAGE_URL ""
| /* end confdefs.h.  */
| #include <ac_nonexistent.h>
configure:7421: result: gcc -E
configure:7441: gcc -E  conftest.c
configure:7441: $? = 0
configure:7455: gcc -E  conftest.c
conftest.c:9:28: fatal error: ac_nonexistent.h: No such file or directory
 #include <ac_nonexistent.h>
                            ^
compilation terminated.
configure:7455: $? = 1
configure: failed program was:
| /* confdefs.h */
| #define PACKAGE_NAME "clastannotation"
| #define PACKAGE_TARNAME "clastannotation"
| #define PACKAGE_VERSION "0.1.0"
| #define PACKAGE_STRING "clastannotation 0.1.0"
| #define PACKAGE_BUGREPORT "pouchet@cse.ohio-state.edu"
| #define PACKAGE_URL ""
| /* end confdefs.h.  */
| #include <ac_nonexistent.h>
configure:7484: checking for ANSI C header files
configure:7504: gcc -c -g -O2  conftest.c >&5
configure:7504: $? = 0
configure:7577: gcc -o conftest -g -O2   conftest.c  >&5
configure:7577: $? = 0
configure:7577: ./conftest
configure:7577: $? = 0
configure:7588: result: yes
configure:7601: checking for sys/types.h
configure:7601: gcc -c -g -O2  conftest.c >&5
configure:7601: $? = 0
configure:7601: result: yes
configure:7601: checking for sys/stat.h
configure:7601: gcc -c -g -O2  conftest.c >&5
configure:7601: $? = 0
configure:7601: result: yes
configure:7601: checking for stdlib.h
configure:7601: gcc -c -g -O2  conftest.c >&5
configure:7601: $? = 0
configure:7601: result: yes
configure:7601: checking for string.h
configure:7601: gcc -c -g -O2  conftest.c >&5
configure:7601: $? = 0
configure:7601: result: yes
configure:7601: checking for memory.h
configure:7601: gcc -c -g -O2  conftest.c >&5
configure:7601: $? = 0
configure:7601: result: yes
configure:7601: checking for strings.h
configure:7601: gcc -c -g -O2  conftest.c >&5
configure:7601: $? = 0
configure:7601: result: yes
configure:7601: checking for inttypes.h
configure:7601: gcc -c -g -O2  conftest.c >&5
configure:7601: $? = 0
configure:7601: result: yes
configure:7601: checking for stdint.h
configure:7601: gcc -c -g -O2  conftest.c >&5
configure:7601: $? = 0
configure:7601: result: yes
configure:7601: checking for unistd.h
configure:7601: gcc -c -g -O2  conftest.c >&5
configure:7601: $? = 0
configure:7601: result: yes
configure:7615: checking for dlfcn.h
configure:7615: gcc -c -g -O2  conftest.c >&5
configure:7615: $? = 0
configure:7615: result: yes
configure:7821: checking for objdir
configure:7836: result: .libs
configure:8107: checking if gcc supports -fno-rtti -fno-exceptions
configure:8125: gcc -c -g -O2  -fno-rtti -fno-exceptions conftest.c >&5
cc1: warning: command line option '-fno-rtti' is valid for C++/ObjC++ but not for C
configure:8129: $? = 0
configure:8142: result: no
configure:8469: checking for gcc option to produce PIC
configure:8476: result: -fPIC -DPIC
configure:8484: checking if gcc PIC flag -fPIC -DPIC works
configure:8502: gcc -c -g -O2  -fPIC -DPIC -DPIC conftest.c >&5
configure:8506: $? = 0
configure:8519: result: yes
configure:8548: checking if gcc static flag -static works
configure:8576: result: yes
configure:8591: checking if gcc supports -c -o file.o
configure:8612: gcc -c -g -O2  -o out/conftest2.o conftest.c >&5
configure:8616: $? = 0
configure:8638: result: yes
configure:8646: checking if gcc supports -c -o file.o
configure:8693: result: yes
configure:8726: checking whether the gcc linker (/bin/ld -m elf_x86_64) supports shared libraries
configure:9883: result: yes
configure:9920: checking whether -lc should be explicitly linked in
configure:9928: gcc -c -g -O2  conftest.c >&5
configure:9931: $? = 0
configure:9946: gcc -shared  -fPIC -DPIC conftest.o  -v -Wl,-soname -Wl,conftest -o conftest 2\>\&1 \| /bin/grep  -lc  \>/dev/null 2\>\&1
configure:9949: $? = 0
configure:9963: result: no
configure:10123: checking dynamic linker characteristics
configure:10623: gcc -o conftest -g -O2   -Wl,-rpath -Wl,/foo conftest.c  >&5
configure:10623: $? = 0
configure:10857: result: GNU/Linux ld.so
configure:10964: checking how to hardcode library paths into programs
configure:10989: result: immediate
configure:11529: checking whether stripping libraries is possible
configure:11534: result: yes
configure:11569: checking if libtool supports shared libraries
configure:11571: result: yes
configure:11574: checking whether to build shared libraries
configure:11595: result: yes
configure:11598: checking whether to build static libraries
configure:11602: result: no
configure:11642: checking for ANSI C header files
configure:11746: result: yes
configure:11757: checking errno.h usability
configure:11757: gcc -c -g -O2  conftest.c >&5
configure:11757: $? = 0
configure:11757: result: yes
configure:11757: checking errno.h presence
configure:11757: gcc -E  conftest.c
configure:11757: $? = 0
configure:11757: result: yes
configure:11757: checking for errno.h
configure:11757: result: yes
configure:11757: checking stddef.h usability
configure:11757: gcc -c -g -O2  conftest.c >&5
configure:11757: $? = 0
configure:11757: result: yes
configure:11757: checking stddef.h presence
configure:11757: gcc -E  conftest.c
configure:11757: $? = 0
configure:11757: result: yes
configure:11757: checking for stddef.h
configure:11757: result: yes
configure:11757: checking for stdlib.h
configure:11757: result: yes
configure:11757: checking for string.h
configure:11757: result: yes
configure:11757: checking for strings.h
configure:11757: result: yes
configure:11757: checking for unistd.h
configure:11757: result: yes
configure:11769: checking for an ANSI C-conforming const
configure:11835: gcc -c -g -O2  conftest.c >&5
configure:11835: $? = 0
configure:11842: result: yes
configure:11850: checking for pid_t
configure:11850: gcc -c -g -O2  conftest.c >&5
configure:11850: $? = 0
configure:11850: gcc -c -g -O2  conftest.c >&5
conftest.c: In function 'main':
conftest.c:64:20: error: expected expression before ')' token
 if (sizeof ((pid_t)))
                    ^
configure:11850: $? = 1
configure: failed program was:
| /* confdefs.h */
| #define PACKAGE_NAME "clastannotation"
| #define PACKAGE_TARNAME "clastannotation"
| #define PACKAGE_VERSION "0.1.0"
| #define PACKAGE_STRING "clastannotation 0.1.0"
| #define PACKAGE_BUGREPORT "pouchet@cse.ohio-state.edu"
| #define PACKAGE_URL ""
| #define STDC_HEADERS 1
| #define HAVE_SYS_TYPES_H 1
| #define HAVE_SYS_STAT_H 1
| #define HAVE_STDLIB_H 1
| #define HAVE_STRING_H 1
| #define HAVE_MEMORY_H 1
| #define HAVE_STRINGS_H 1
| #define HAVE_INTTYPES_H 1
| #define HAVE_STDINT_H 1
| #define HAVE_UNISTD_H 1
| #define HAVE_DLFCN_H 1
| #define LT_OBJDIR ".libs/"
| #define STDC_HEADERS 1
| #define HAVE_ERRNO_H 1
| #define HAVE_STDDEF_H 1
| #define HAVE_STDLIB_H 1
| #define HAVE_STRING_H 1
| #define HAVE_STRINGS_H 1
| #define HAVE_UNISTD_H 1
| /* end confdefs.h.  */
| #include <stdio.h>
| #ifdef HAVE_SYS_TYPES_H
| # include <sys/types.h>
| #endif
| #ifdef HAVE_SYS_STAT_H
| # include <sys/stat.h>
| #endif
| #ifdef STDC_HEADERS
| # include <stdlib.h>
| # include <stddef.h>
| #else
| # ifdef HAVE_STDLIB_H
| #  include <stdlib.h>
| # endif
| #endif
| #ifdef HAVE_STRING_H
| # if !defined STDC_HEADERS && defined HAVE_MEMORY_H
| #  include <memory.h>
| # endif
| # include <string.h>
| #endif
| #ifdef HAVE_STRINGS_H
| # include <strings.h>
| #endif
| #ifdef HAVE_INTTYPES_H
| # include <inttypes.h>
| #endif
| #ifdef HAVE_STDINT_H
| # include <stdint.h>
| #endif
| #ifdef HAVE_UNISTD_H
| # include <unistd.h>
| #endif
| int
| main ()
| {
| if (sizeof ((pid_t)))
| 	    return 0;
|   ;
|   return 0;
| }
configure:11850: result: yes
configure:11861: checking for size_t
configure:11861: gcc -c -g -O2  conftest.c >&5
configure:11861: $? = 0
configure:11861: gcc -c -g -O2  conftest.c >&5
conftest.c: In function 'main':
conftest.c:64:21: error: expected expression before ')' token
 if (sizeof ((size_t)))
                     ^
configure:11861: $? = 1
configure: failed program was:
| /* confdefs.h */
| #define PACKAGE_NAME "clastannotation"
| #define PACKAGE_TARNAME "clastannotation"
| #define PACKAGE_VERSION "0.1.0"
| #define PACKAGE_STRING "clastannotation 0.1.0"
| #define PACKAGE_BUGREPORT "pouchet@cse.ohio-state.edu"
| #define PACKAGE_URL ""
| #define STDC_HEADERS 1
| #define HAVE_SYS_TYPES_H 1
| #define HAVE_SYS_STAT_H 1
| #define HAVE_STDLIB_H 1
| #define HAVE_STRING_H 1
| #define HAVE_MEMORY_H 1
| #define HAVE_STRINGS_H 1
| #define HAVE_INTTYPES_H 1
| #define HAVE_STDINT_H 1
| #define HAVE_UNISTD_H 1
| #define HAVE_DLFCN_H 1
| #define LT_OBJDIR ".libs/"
| #define STDC_HEADERS 1
| #define HAVE_ERRNO_H 1
| #define HAVE_STDDEF_H 1
| #define HAVE_STDLIB_H 1
| #define HAVE_STRING_H 1
| #define HAVE_STRINGS_H 1
| #define HAVE_UNISTD_H 1
| /* end confdefs.h.  */
| #include <stdio.h>
| #ifdef HAVE_SYS_TYPES_H
| # include <sys/types.h>
| #endif
| #ifdef HAVE_SYS_STAT_H
| # include <sys/stat.h>
| #endif
| #ifdef STDC_HEADERS
| # include <stdlib.h>
| # include <stddef.h>
| #else
| # ifdef HAVE_STDLIB_H
| #  include <stdlib.h>
| # endif
| #endif
| #ifdef HAVE_STRING_H
| # if !defined STDC_HEADERS && defined HAVE_MEMORY_H
| #  include <memory.h>
| # endif
| # include <string.h>
| #endif
| #ifdef HAVE_STRINGS_H
| # include <strings.h>
| #endif
| #ifdef HAVE_INTTYPES_H
| # include <inttypes.h>
| #endif
| #ifdef HAVE_STDINT_H
| # include <stdint.h>
| #endif
| #ifdef HAVE_UNISTD_H
| # include <unistd.h>
| #endif
| int
| main ()
| {
| if (sizeof ((size_t)))
| 	    return 0;
|   ;
|   return 0;
| }
configure:11861: result: yes
configure:11872: checking for working volatile
configure:11891: gcc -c -g -O2  conftest.c >&5
configure:11891: $? = 0
configure:11898: result: yes
configure:11921: checking for library containing scoplib_scop_read
configure:11952: gcc -o conftest -g -O2  -I/s/chopin/b/grad/rohan94/Downloads/pocc-1.4/ir/install-scoplib/include  -L/s/chopin/b/grad/rohan94/Downloads/pocc-1.4/ir/install-scoplib/lib conftest.c  >&5
/tmp/ccMRlKTV.o: In function `main':
/s/chopin/b/grad/rohan94/Downloads/pocc-1.4/generators/clastannotation/conftest.c:39: undefined reference to `scoplib_scop_read'
collect2: error: ld returned 1 exit status
configure:11952: $? = 1
configure: failed program was:
| /* confdefs.h */
| #define PACKAGE_NAME "clastannotation"
| #define PACKAGE_TARNAME "clastannotation"
| #define PACKAGE_VERSION "0.1.0"
| #define PACKAGE_STRING "clastannotation 0.1.0"
| #define PACKAGE_BUGREPORT "pouchet@cse.ohio-state.edu"
| #define PACKAGE_URL ""
| #define STDC_HEADERS 1
| #define HAVE_SYS_TYPES_H 1
| #define HAVE_SYS_STAT_H 1
| #define HAVE_STDLIB_H 1
| #define HAVE_STRING_H 1
| #define HAVE_MEMORY_H 1
| #define HAVE_STRINGS_H 1
| #define HAVE_INTTYPES_H 1
| #define HAVE_STDINT_H 1
| #define HAVE_UNISTD_H 1
| #define HAVE_DLFCN_H 1
| #define LT_OBJDIR ".libs/"
| #define STDC_HEADERS 1
| #define HAVE_ERRNO_H 1
| #define HAVE_STDDEF_H 1
| #define HAVE_STDLIB_H 1
| #define HAVE_STRING_H 1
| #define HAVE_STRINGS_H 1
| #define HAVE_UNISTD_H 1
| /* end confdefs.h.  */
| 
| /* Override any GCC internal prototype to avoid an error.
|    Use char because int might match the return type of a GCC
|    builtin and then its argument prototype would still apply.  */
| #ifdef __cplusplus
| extern "C"
| #endif
| char scoplib_scop_read ();
| int
| main ()
| {
| return scoplib_scop_read ();
|   ;
|   return 0;
| }
configure:11952: gcc -o conftest -g -O2  -I/s/chopin/b/grad/rohan94/Downloads/pocc-1.4/ir/install-scoplib/include  -L/s/chopin/b/grad/rohan94/Downloads/pocc-1.4/ir/install-scoplib/lib conftest.c -lscoplib   >&5
configure:11952: $? = 0
configure:11969: result: -lscoplib
configure:12002: checking for library containing cloog_program_generate
configure:12033: gcc -o conftest -g -O2  -I/s/chopin/b/grad/rohan94/Downloads/pocc-1.4/ir/install-scoplib/include -I/s/chopin/b/grad/rohan94/Downloads/pocc-1.4/generators/install-cloog/include  -L/s/chopin/b/grad/rohan94/Downloads/pocc-1.4/ir/install-scoplib/lib -L/s/chopin/b/grad/rohan94/Downloads/pocc-1.4/generators/install-cloog/lib conftest.c -lscoplib -lscoplib  >&5
/tmp/cc9D5CKY.o: In function `main':
/s/chopin/b/grad/rohan94/Downloads/pocc-1.4/generators/clastannotation/conftest.c:39: undefined reference to `cloog_program_generate'
collect2: error: ld returned 1 exit status
configure:12033: $? = 1
configure: failed program was:
| /* confdefs.h */
| #define PACKAGE_NAME "clastannotation"
| #define PACKAGE_TARNAME "clastannotation"
| #define PACKAGE_VERSION "0.1.0"
| #define PACKAGE_STRING "clastannotation 0.1.0"
| #define PACKAGE_BUGREPORT "pouchet@cse.ohio-state.edu"
| #define PACKAGE_URL ""
| #define STDC_HEADERS 1
| #define HAVE_SYS_TYPES_H 1
| #define HAVE_SYS_STAT_H 1
| #define HAVE_STDLIB_H 1
| #define HAVE_STRING_H 1
| #define HAVE_MEMORY_H 1
| #define HAVE_STRINGS_H 1
| #define HAVE_INTTYPES_H 1
| #define HAVE_STDINT_H 1
| #define HAVE_UNISTD_H 1
| #define HAVE_DLFCN_H 1
| #define LT_OBJDIR ".libs/"
| #define STDC_HEADERS 1
| #define HAVE_ERRNO_H 1
| #define HAVE_STDDEF_H 1
| #define HAVE_STDLIB_H 1
| #define HAVE_STRING_H 1
| #define HAVE_STRINGS_H 1
| #define HAVE_UNISTD_H 1
| /* end confdefs.h.  */
| 
| /* Override any GCC internal prototype to avoid an error.
|    Use char because int might match the return type of a GCC
|    builtin and then its argument prototype would still apply.  */
| #ifdef __cplusplus
| extern "C"
| #endif
| char cloog_program_generate ();
| int
| main ()
| {
| return cloog_program_generate ();
|   ;
|   return 0;
| }
configure:12033: gcc -o conftest -g -O2  -I/s/chopin/b/grad/rohan94/Downloads/pocc-1.4/ir/install-scoplib/include -I/s/chopin/b/grad/rohan94/Downloads/pocc-1.4/generators/install-cloog/include  -L/s/chopin/b/grad/rohan94/Downloads/pocc-1.4/ir/install-scoplib/lib -L/s/chopin/b/grad/rohan94/Downloads/pocc-1.4/generators/install-cloog/lib conftest.c -lcloog-isl  -lscoplib -lscoplib  >&5
configure:12033: $? = 0
configure:12050: result: -lcloog-isl
configure:12095: checking for library containing pip_solve
configure:12126: gcc -o conftest -g -O2  -I/s/chopin/b/grad/rohan94/Downloads/pocc-1.4/ir/install-scoplib/include -I/s/chopin/b/grad/rohan94/Downloads/pocc-1.4/generators/install-cloog/include -I/s/chopin/b/grad/rohan94/Downloads/pocc-1.4/math/external/install/include -I/s/chopin/b/grad/rohan94/Downloads/pocc-1.4/math/install-piplib-hybrid/include  -L/s/chopin/b/grad/rohan94/Downloads/pocc-1.4/ir/install-scoplib/lib -L/s/chopin/b/grad/rohan94/Downloads/pocc-1.4/generators/install-cloog/lib -L/s/chopin/b/grad/rohan94/Downloads/pocc-1.4/math/install-piplib-hybrid/lib conftest.c -lcloog-isl -lcloog-isl -lscoplib -lscoplib  >&5
/tmp/ccAbPNj8.o: In function `main':
/s/chopin/b/grad/rohan94/Downloads/pocc-1.4/generators/clastannotation/conftest.c:40: undefined reference to `pip_solve'
collect2: error: ld returned 1 exit status
configure:12126: $? = 1
configure: failed program was:
| /* confdefs.h */
| #define PACKAGE_NAME "clastannotation"
| #define PACKAGE_TARNAME "clastannotation"
| #define PACKAGE_VERSION "0.1.0"
| #define PACKAGE_STRING "clastannotation 0.1.0"
| #define PACKAGE_BUGREPORT "pouchet@cse.ohio-state.edu"
| #define PACKAGE_URL ""
| #define STDC_HEADERS 1
| #define HAVE_SYS_TYPES_H 1
| #define HAVE_SYS_STAT_H 1
| #define HAVE_STDLIB_H 1
| #define HAVE_STRING_H 1
| #define HAVE_MEMORY_H 1
| #define HAVE_STRINGS_H 1
| #define HAVE_INTTYPES_H 1
| #define HAVE_STDINT_H 1
| #define HAVE_UNISTD_H 1
| #define HAVE_DLFCN_H 1
| #define LT_OBJDIR ".libs/"
| #define STDC_HEADERS 1
| #define HAVE_ERRNO_H 1
| #define HAVE_STDDEF_H 1
| #define HAVE_STDLIB_H 1
| #define HAVE_STRING_H 1
| #define HAVE_STRINGS_H 1
| #define HAVE_UNISTD_H 1
| #define HAVE_LIBCLOOG 1
| /* end confdefs.h.  */
| 
| /* Override any GCC internal prototype to avoid an error.
|    Use char because int might match the return type of a GCC
|    builtin and then its argument prototype would still apply.  */
| #ifdef __cplusplus
| extern "C"
| #endif
| char pip_solve ();
| int
| main ()
| {
| return pip_solve ();
|   ;
|   return 0;
| }
configure:12126: gcc -o conftest -g -O2  -I/s/chopin/b/grad/rohan94/Downloads/pocc-1.4/ir/install-scoplib/include -I/s/chopin/b/grad/rohan94/Downloads/pocc-1.4/generators/install-cloog/include -I/s/chopin/b/grad/rohan94/Downloads/pocc-1.4/math/external/install/include -I/s/chopin/b/grad/rohan94/Downloads/pocc-1.4/math/install-piplib-hybrid/include  -L/s/chopin/b/grad/rohan94/Downloads/pocc-1.4/ir/install-scoplib/lib -L/s/chopin/b/grad/rohan94/Downloads/pocc-1.4/generators/install-cloog/lib -L/s/chopin/b/grad/rohan94/Downloads/pocc-1.4/math/install-piplib-hybrid/lib conftest.c -lpiplib64  -lcloog-isl -lcloog-isl -lscoplib -lscoplib  >&5
configure:12126: $? = 0
configure:12143: result: -lpiplib64
configure:12178: checking for library containing candl_program_read
configure:12209: gcc -o conftest -g -O2  -I/s/chopin/b/grad/rohan94/Downloads/pocc-1.4/ir/install-scoplib/include -I/s/chopin/b/grad/rohan94/Downloads/pocc-1.4/generators/install-cloog/include -I/s/chopin/b/grad/rohan94/Downloads/pocc-1.4/math/external/install/include -I/s/chopin/b/grad/rohan94/Downloads/pocc-1.4/math/install-piplib-hybrid/include -I/s/chopin/b/grad/rohan94/Downloads/pocc-1.4/analyzers/install-candl/include  -L/s/chopin/b/grad/rohan94/Downloads/pocc-1.4/ir/install-scoplib/lib -L/s/chopin/b/grad/rohan94/Downloads/pocc-1.4/generators/install-cloog/lib -L/s/chopin/b/grad/rohan94/Downloads/pocc-1.4/math/install-piplib-hybrid/lib -L/s/chopin/b/grad/rohan94/Downloads/pocc-1.4/analyzers/install-candl/lib conftest.c -lpiplib64 -lpiplib64 -lcloog-isl -lcloog-isl -lscoplib -lscoplib  >&5
/tmp/ccN75zFk.o: In function `main':
/s/chopin/b/grad/rohan94/Downloads/pocc-1.4/generators/clastannotation/conftest.c:41: undefined reference to `candl_program_read'
collect2: error: ld returned 1 exit status
configure:12209: $? = 1
configure: failed program was:
| /* confdefs.h */
| #define PACKAGE_NAME "clastannotation"
| #define PACKAGE_TARNAME "clastannotation"
| #define PACKAGE_VERSION "0.1.0"
| #define PACKAGE_STRING "clastannotation 0.1.0"
| #define PACKAGE_BUGREPORT "pouchet@cse.ohio-state.edu"
| #define PACKAGE_URL ""
| #define STDC_HEADERS 1
| #define HAVE_SYS_TYPES_H 1
| #define HAVE_SYS_STAT_H 1
| #define HAVE_STDLIB_H 1
| #define HAVE_STRING_H 1
| #define HAVE_MEMORY_H 1
| #define HAVE_STRINGS_H 1
| #define HAVE_INTTYPES_H 1
| #define HAVE_STDINT_H 1
| #define HAVE_UNISTD_H 1
| #define HAVE_DLFCN_H 1
| #define LT_OBJDIR ".libs/"
| #define STDC_HEADERS 1
| #define HAVE_ERRNO_H 1
| #define HAVE_STDDEF_H 1
| #define HAVE_STDLIB_H 1
| #define HAVE_STRING_H 1
| #define HAVE_STRINGS_H 1
| #define HAVE_UNISTD_H 1
| #define HAVE_LIBCLOOG 1
| #define HAVE_LIBPIPLIB 1
| /* end confdefs.h.  */
| 
| /* Override any GCC internal prototype to avoid an error.
|    Use char because int might match the return type of a GCC
|    builtin and then its argument prototype would still apply.  */
| #ifdef __cplusplus
| extern "C"
| #endif
| char candl_program_read ();
| int
| main ()
| {
| return candl_program_read ();
|   ;
|   return 0;
| }
configure:12209: gcc -o conftest -g -O2  -I/s/chopin/b/grad/rohan94/Downloads/pocc-1.4/ir/install-scoplib/include -I/s/chopin/b/grad/rohan94/Downloads/pocc-1.4/generators/install-cloog/include -I/s/chopin/b/grad/rohan94/Downloads/pocc-1.4/math/external/install/include -I/s/chopin/b/grad/rohan94/Downloads/pocc-1.4/math/install-piplib-hybrid/include -I/s/chopin/b/grad/rohan94/Downloads/pocc-1.4/analyzers/install-candl/include  -L/s/chopin/b/grad/rohan94/Downloads/pocc-1.4/ir/install-scoplib/lib -L/s/chopin/b/grad/rohan94/Downloads/pocc-1.4/generators/install-cloog/lib -L/s/chopin/b/grad/rohan94/Downloads/pocc-1.4/math/install-piplib-hybrid/lib -L/s/chopin/b/grad/rohan94/Downloads/pocc-1.4/analyzers/install-candl/lib conftest.c -lcandl  -lpiplib64 -lpiplib64 -lcloog-isl -lcloog-isl -lscoplib -lscoplib  >&5
configure:12209: $? = 0
configure:12226: result: -lcandl
configure:12259: checking for library containing scoptools_clast2scop
configure:12290: gcc -o conftest -g -O2  -I/s/chopin/b/grad/rohan94/Downloads/pocc-1.4/ir/install-scoplib/include -I/s/chopin/b/grad/rohan94/Downloads/pocc-1.4/generators/install-cloog/include -I/s/chopin/b/grad/rohan94/Downloads/pocc-1.4/math/external/install/include -I/s/chopin/b/grad/rohan94/Downloads/pocc-1.4/math/install-piplib-hybrid/include -I/s/chopin/b/grad/rohan94/Downloads/pocc-1.4/analyzers/install-candl/include -I/s/chopin/b/grad/rohan94/Downloads/pocc-1.4/ir/install-scoptools/include  -L/s/chopin/b/grad/rohan94/Downloads/pocc-1.4/ir/install-scoplib/lib -L/s/chopin/b/grad/rohan94/Downloads/pocc-1.4/generators/install-cloog/lib -L/s/chopin/b/grad/rohan94/Downloads/pocc-1.4/math/install-piplib-hybrid/lib -L/s/chopin/b/grad/rohan94/Downloads/pocc-1.4/analyzers/install-candl/lib -L/s/chopin/b/grad/rohan94/Downloads/pocc-1.4/ir/install-scoptools/lib conftest.c -lcandl -lcandl -lpiplib64 -lpiplib64 -lcloog-isl -lcloog-isl -lscoplib -lscoplib  >&5
/tmp/ccp5Y6Xx.o: In function `main':
/s/chopin/b/grad/rohan94/Downloads/pocc-1.4/generators/clastannotation/conftest.c:41: undefined reference to `scoptools_clast2scop'
collect2: error: ld returned 1 exit status
configure:12290: $? = 1
configure: failed program was:
| /* confdefs.h */
| #define PACKAGE_NAME "clastannotation"
| #define PACKAGE_TARNAME "clastannotation"
| #define PACKAGE_VERSION "0.1.0"
| #define PACKAGE_STRING "clastannotation 0.1.0"
| #define PACKAGE_BUGREPORT "pouchet@cse.ohio-state.edu"
| #define PACKAGE_URL ""
| #define STDC_HEADERS 1
| #define HAVE_SYS_TYPES_H 1
| #define HAVE_SYS_STAT_H 1
| #define HAVE_STDLIB_H 1
| #define HAVE_STRING_H 1
| #define HAVE_MEMORY_H 1
| #define HAVE_STRINGS_H 1
| #define HAVE_INTTYPES_H 1
| #define HAVE_STDINT_H 1
| #define HAVE_UNISTD_H 1
| #define HAVE_DLFCN_H 1
| #define LT_OBJDIR ".libs/"
| #define STDC_HEADERS 1
| #define HAVE_ERRNO_H 1
| #define HAVE_STDDEF_H 1
| #define HAVE_STDLIB_H 1
| #define HAVE_STRING_H 1
| #define HAVE_STRINGS_H 1
| #define HAVE_UNISTD_H 1
| #define HAVE_LIBCLOOG 1
| #define HAVE_LIBPIPLIB 1
| /* end confdefs.h.  */
| 
| /* Override any GCC internal prototype to avoid an error.
|    Use char because int might match the return type of a GCC
|    builtin and then its argument prototype would still apply.  */
| #ifdef __cplusplus
| extern "C"
| #endif
| char scoptools_clast2scop ();
| int
| main ()
| {
| return scoptools_clast2scop ();
|   ;
|   return 0;
| }
configure:12290: gcc -o conftest -g -O2  -I/s/chopin/b/grad/rohan94/Downloads/pocc-1.4/ir/install-scoplib/include -I/s/chopin/b/grad/rohan94/Downloads/pocc-1.4/generators/install-cloog/include -I/s/chopin/b/grad/rohan94/Downloads/pocc-1.4/math/external/install/include -I/s/chopin/b/grad/rohan94/Downloads/pocc-1.4/math/install-piplib-hybrid/include -I/s/chopin/b/grad/rohan94/Downloads/pocc-1.4/analyzers/install-candl/include -I/s/chopin/b/grad/rohan94/Downloads/pocc-1.4/ir/install-scoptools/include  -L/s/chopin/b/grad/rohan94/Downloads/pocc-1.4/ir/install-scoplib/lib -L/s/chopin/b/grad/rohan94/Downloads/pocc-1.4/generators/install-cloog/lib -L/s/chopin/b/grad/rohan94/Downloads/pocc-1.4/math/install-piplib-hybrid/lib -L/s/chopin/b/grad/rohan94/Downloads/pocc-1.4/analyzers/install-candl/lib -L/s/chopin/b/grad/rohan94/Downloads/pocc-1.4/ir/install-scoptools/lib conftest.c -lscoptools  -lcandl -lcandl -lpiplib64 -lpiplib64 -lcloog-isl -lcloog-isl -lscoplib -lscoplib  >&5
configure:12290: $? = 0
configure:12307: result: -lscoptools
configure:12344: checking for library containing clasttols_clast_pprint_extended
configure:12375: gcc -o conftest -g -O2  -I/s/chopin/b/grad/rohan94/Downloads/pocc-1.4/ir/install-scoplib/include -I/s/chopin/b/grad/rohan94/Downloads/pocc-1.4/generators/install-cloog/include -I/s/chopin/b/grad/rohan94/Downloads/pocc-1.4/math/external/install/include -I/s/chopin/b/grad/rohan94/Downloads/pocc-1.4/math/install-piplib-hybrid/include -I/s/chopin/b/grad/rohan94/Downloads/pocc-1.4/analyzers/install-candl/include -I/s/chopin/b/grad/rohan94/Downloads/pocc-1.4/ir/install-scoptools/include -I/s/chopin/b/grad/rohan94/Downloads/pocc-1.4/generators/install-clasttools/include  -L/s/chopin/b/grad/rohan94/Downloads/pocc-1.4/ir/install-scoplib/lib -L/s/chopin/b/grad/rohan94/Downloads/pocc-1.4/generators/install-cloog/lib -L/s/chopin/b/grad/rohan94/Downloads/pocc-1.4/math/install-piplib-hybrid/lib -L/s/chopin/b/grad/rohan94/Downloads/pocc-1.4/analyzers/install-candl/lib -L/s/chopin/b/grad/rohan94/Downloads/pocc-1.4/ir/install-scoptools/lib -L/s/chopin/b/grad/rohan94/Downloads/pocc-1.4/generators/install-clasttools/lib conftest.c -lscoptools -lscoptools -lcandl -lcandl -lpiplib64 -lpiplib64 -lcloog-isl -lcloog-isl -lscoplib -lscoplib  >&5
/bin/ld: /tmp/ccfFBOQQ.o: undefined reference to symbol 'clasttols_clast_pprint_extended'
/s/chopin/b/grad/rohan94/Downloads/pocc-1.4/generators/install-clasttools/lib/libclasttools.so.0: error adding symbols: DSO missing from command line
collect2: error: ld returned 1 exit status
configure:12375: $? = 1
configure: failed program was:
| /* confdefs.h */
| #define PACKAGE_NAME "clastannotation"
| #define PACKAGE_TARNAME "clastannotation"
| #define PACKAGE_VERSION "0.1.0"
| #define PACKAGE_STRING "clastannotation 0.1.0"
| #define PACKAGE_BUGREPORT "pouchet@cse.ohio-state.edu"
| #define PACKAGE_URL ""
| #define STDC_HEADERS 1
| #define HAVE_SYS_TYPES_H 1
| #define HAVE_SYS_STAT_H 1
| #define HAVE_STDLIB_H 1
| #define HAVE_STRING_H 1
| #define HAVE_MEMORY_H 1
| #define HAVE_STRINGS_H 1
| #define HAVE_INTTYPES_H 1
| #define HAVE_STDINT_H 1
| #define HAVE_UNISTD_H 1
| #define HAVE_DLFCN_H 1
| #define LT_OBJDIR ".libs/"
| #define STDC_HEADERS 1
| #define HAVE_ERRNO_H 1
| #define HAVE_STDDEF_H 1
| #define HAVE_STDLIB_H 1
| #define HAVE_STRING_H 1
| #define HAVE_STRINGS_H 1
| #define HAVE_UNISTD_H 1
| #define HAVE_LIBCLOOG 1
| #define HAVE_LIBPIPLIB 1
| #define HAVE_LIBSCOPTOOLS 1
| /* end confdefs.h.  */
| 
| /* Override any GCC internal prototype to avoid an error.
|    Use char because int might match the return type of a GCC
|    builtin and then its argument prototype would still apply.  */
| #ifdef __cplusplus
| extern "C"
| #endif
| char clasttols_clast_pprint_extended ();
| int
| main ()
| {
| return clasttols_clast_pprint_extended ();
|   ;
|   return 0;
| }
configure:12375: gcc -o conftest -g -O2  -I/s/chopin/b/grad/rohan94/Downloads/pocc-1.4/ir/install-scoplib/include -I/s/chopin/b/grad/rohan94/Downloads/pocc-1.4/generators/install-cloog/include -I/s/chopin/b/grad/rohan94/Downloads/pocc-1.4/math/external/install/include -I/s/chopin/b/grad/rohan94/Downloads/pocc-1.4/math/install-piplib-hybrid/include -I/s/chopin/b/grad/rohan94/Downloads/pocc-1.4/analyzers/install-candl/include -I/s/chopin/b/grad/rohan94/Downloads/pocc-1.4/ir/install-scoptools/include -I/s/chopin/b/grad/rohan94/Downloads/pocc-1.4/generators/install-clasttools/include  -L/s/chopin/b/grad/rohan94/Downloads/pocc-1.4/ir/install-scoplib/lib -L/s/chopin/b/grad/rohan94/Downloads/pocc-1.4/generators/install-cloog/lib -L/s/chopin/b/grad/rohan94/Downloads/pocc-1.4/math/install-piplib-hybrid/lib -L/s/chopin/b/grad/rohan94/Downloads/pocc-1.4/analyzers/install-candl/lib -L/s/chopin/b/grad/rohan94/Downloads/pocc-1.4/ir/install-scoptools/lib -L/s/chopin/b/grad/rohan94/Downloads/pocc-1.4/generators/install-clasttools/lib conftest.c -lclasttools  -lscoptools -lscoptools -lcandl -lcandl -lpiplib64 -lpiplib64 -lcloog-isl -lcloog-isl -lscoplib -lscoplib  >&5
configure:12375: $? = 0
configure:12392: result: -lclasttools
configure:12534: checking that generated files are newer than configure
configure:12540: result: done
configure:12563: creating ./config.status

## ---------------------- ##
## Running config.status. ##
## ---------------------- ##

This file was extended by clastannotation config.status 0.1.0, which was
generated by GNU Autoconf 2.69.  Invocation command line was

  CONFIG_FILES    = 
  CONFIG_HEADERS  = 
  CONFIG_LINKS    = 
  CONFIG_COMMANDS = 
  $ ./config.status 

on jackson

config.status:1100: creating Makefile
config.status:1100: creating doc/Makefile
config.status:1100: creating clastannotation/Makefile
config.status:1100: creating src/Makefile
config.status:1100: creating tests/Makefile
config.status:1100: creating clastannotation/include/clastannotation/config.h
config.status:1329: executing depfiles commands
config.status:1329: executing libtool commands

## ---------------- ##
## Cache variables. ##
## ---------------- ##

ac_cv_build=x86_64-unknown-linux-gnu
ac_cv_c_compiler_gnu=yes
ac_cv_c_const=yes
ac_cv_c_volatile=yes
ac_cv_env_CC_set=
ac_cv_env_CC_value=
ac_cv_env_CFLAGS_set=
ac_cv_env_CFLAGS_value=
ac_cv_env_CPPFLAGS_set=
ac_cv_env_CPPFLAGS_value=
ac_cv_env_CPP_set=
ac_cv_env_CPP_value=
ac_cv_env_LDFLAGS_set=
ac_cv_env_LDFLAGS_value=
ac_cv_env_LIBS_set=
ac_cv_env_LIBS_value=
ac_cv_env_build_alias_set=
ac_cv_env_build_alias_value=
ac_cv_env_host_alias_set=
ac_cv_env_host_alias_value=
ac_cv_env_target_alias_set=
ac_cv_env_target_alias_value=
ac_cv_header_dlfcn_h=yes
ac_cv_header_errno_h=yes
ac_cv_header_inttypes_h=yes
ac_cv_header_memory_h=yes
ac_cv_header_stdc=yes
ac_cv_header_stddef_h=yes
ac_cv_header_stdint_h=yes
ac_cv_header_stdlib_h=yes
ac_cv_header_string_h=yes
ac_cv_header_strings_h=yes
ac_cv_header_sys_stat_h=yes
ac_cv_header_sys_types_h=yes
ac_cv_header_unistd_h=yes
ac_cv_host=x86_64-unknown-linux-gnu
ac_cv_objext=o
ac_cv_path_EGREP='/bin/grep -E'
ac_cv_path_FGREP='/bin/grep -F'
ac_cv_path_GREP=/bin/grep
ac_cv_path_SED=/bin/sed
ac_cv_path_install='/bin/install -c'
ac_cv_path_mkdir=/bin/mkdir
ac_cv_prog_AWK=gawk
ac_cv_prog_CPP='gcc -E'
ac_cv_prog_ac_ct_AR=ar
ac_cv_prog_ac_ct_CC=gcc
ac_cv_prog_ac_ct_OBJDUMP=objdump
ac_cv_prog_ac_ct_RANLIB=ranlib
ac_cv_prog_ac_ct_STRIP=strip
ac_cv_prog_cc_c89=
ac_cv_prog_cc_g=yes
ac_cv_prog_make_make_set=yes
ac_cv_search_candl_program_read=-lcandl
ac_cv_search_clasttols_clast_pprint_extended=-lclasttools
ac_cv_search_cloog_program_generate=-lcloog-isl
ac_cv_search_pip_solve=-lpiplib64
ac_cv_search_scoplib_scop_read=-lscoplib
ac_cv_search_scoptools_clast2scop=-lscoptools
ac_cv_type_pid_t=yes
ac_cv_type_size_t=yes
am_cv_CC_dependencies_compiler_type=gcc3
am_cv_make_support_nested_variables=yes
am_cv_prog_cc_c_o=yes
am_cv_prog_tar_ustar=gnutar
lt_cv_ar_at_file=@
lt_cv_archive_cmds_need_lc=no
lt_cv_deplibs_check_method=pass_all
lt_cv_file_magic_cmd='$MAGIC_CMD'
lt_cv_file_magic_test_file=
lt_cv_ld_reload_flag=-r
lt_cv_nm_interface='BSD nm'
lt_cv_objdir=.libs
lt_cv_path_LD=/bin/ld
lt_cv_path_NM='/bin/nm -B'
lt_cv_path_mainfest_tool=no
lt_cv_prog_compiler_c_o=yes
lt_cv_prog_compiler_pic='-fPIC -DPIC'
lt_cv_prog_compiler_pic_works=yes
lt_cv_prog_compiler_rtti_exceptions=no
lt_cv_prog_compiler_static_works=yes
lt_cv_prog_gnu_ld=yes
lt_cv_sharedlib_from_linklib_cmd='printf %s\n'
lt_cv_shlibpath_overrides_runpath=no
lt_cv_sys_global_symbol_pipe='sed -n -e '\''s/^.*[	 ]\([ABCDGIRSTW][ABCDGIRSTW]*\)[	 ][	 ]*\([_A-Za-z][_A-Za-z0-9]*\)$/\1 \2 \2/p'\'' | sed '\''/ __gnu_lto/d'\'''
lt_cv_sys_global_symbol_to_c_name_address='sed -n -e '\''s/^: \([^ ]*\)[ ]*$/  {\"\1\", (void *) 0},/p'\'' -e '\''s/^[ABCDGIRSTW]* \([^ ]*\) \([^ ]*\)$/  {"\2", (void *) \&\2},/p'\'''
lt_cv_sys_global_symbol_to_c_name_address_lib_prefix='sed -n -e '\''s/^: \([^ ]*\)[ ]*$/  {\"\1\", (void *) 0},/p'\'' -e '\''s/^[ABCDGIRSTW]* \([^ ]*\) \(lib[^ ]*\)$/  {"\2", (void *) \&\2},/p'\'' -e '\''s/^[ABCDGIRSTW]* \([^ ]*\) \([^ ]*\)$/  {"lib\2", (void *) \&\2},/p'\'''
lt_cv_sys_global_symbol_to_cdecl='sed -n -e '\''s/^T .* \(.*\)$/extern int \1();/p'\'' -e '\''s/^[ABCDGIRSTW]* .* \(.*\)$/extern char \1;/p'\'''
lt_cv_sys_max_cmd_len=1572864
lt_cv_to_host_file_cmd=func_convert_file_noop
lt_cv_to_tool_file_cmd=func_convert_file_noop

## ----------------- ##
## Output variables. ##
## ----------------- ##

ACLOCAL='${SHELL} /s/chopin/b/grad/rohan94/Downloads/pocc-1.4/generators/clastannotation/config/missing aclocal-1.14'
AMDEPBACKSLASH='\'
AMDEP_FALSE='#'
AMDEP_TRUE=''
AMTAR='$${TAR-tar}'
AM_BACKSLASH='\'
AM_DEFAULT_V='$(AM_DEFAULT_VERBOSITY)'
AM_DEFAULT_VERBOSITY='1'
AM_V='$(V)'
AR='ar'
AUTOCONF='${SHELL} /s/chopin/b/grad/rohan94/Downloads/pocc-1.4/generators/clastannotation/config/missing autoconf'
AUTOHEADER='${SHELL} /s/chopin/b/grad/rohan94/Downloads/pocc-1.4/generators/clastannotation/config/missing autoheader'
AUTOMAKE='${SHELL} /s/chopin/b/grad/rohan94/Downloads/pocc-1.4/generators/clastannotation/config/missing automake-1.14'
AWK='gawk'
CC='gcc'
CCDEPMODE='depmode=gcc3'
CFLAGS='-g -O2'
CPP='gcc -E'
CPPFLAGS=' -I/s/chopin/b/grad/rohan94/Downloads/pocc-1.4/ir/install-scoplib/include -I/s/chopin/b/grad/rohan94/Downloads/pocc-1.4/generators/install-cloog/include -I/s/chopin/b/grad/rohan94/Downloads/pocc-1.4/math/external/install/include -I/s/chopin/b/grad/rohan94/Downloads/pocc-1.4/math/install-piplib-hybrid/include -I/s/chopin/b/grad/rohan94/Downloads/pocc-1.4/analyzers/install-candl/include -I/s/chopin/b/grad/rohan94/Downloads/pocc-1.4/ir/install-scoptools/include -I/s/chopin/b/grad/rohan94/Downloads/pocc-1.4/generators/install-clasttools/include'
CYGPATH_W='echo'
DEFS='-DHAVE_CONFIG_H'
DEPDIR='.deps'
DLLTOOL='false'
DSYMUTIL=''
DUMPBIN=''
ECHO_C=''
ECHO_N='-n'
ECHO_T=''
EGREP='/bin/grep -E'
EXEEXT=''
FGREP='/bin/grep -F'
GREP='/bin/grep'
INSTALL_DATA='${INSTALL} -m 644'
INSTALL_PROGRAM='${INSTALL}'
INSTALL_SCRIPT='${INSTALL}'
INSTALL_STRIP_PROGRAM='$(install_sh) -c -s'
LD='/bin/ld -m elf_x86_64'
LDFLAGS=' -L/s/chopin/b/grad/rohan94/Downloads/pocc-1.4/ir/install-scoplib/lib -L/s/chopin/b/grad/rohan94/Downloads/pocc-1.4/generators/install-cloog/lib -L/s/chopin/b/grad/rohan94/Downloads/pocc-1.4/math/install-piplib-hybrid/lib -L/s/chopin/b/grad/rohan94/Downloads/pocc-1.4/analyzers/install-candl/lib -L/s/chopin/b/grad/rohan94/Downloads/pocc-1.4/ir/install-scoptools/lib -L/s/chopin/b/grad/rohan94/Downloads/pocc-1.4/generators/install-clasttools/lib'
LIBOBJS=''
LIBS='-lclasttools -lclasttools -lscoptools -lscoptools -lcandl -lcandl -lpiplib64 -lpiplib64 -lcloog-isl -lcloog-isl -lscoplib -lscoplib '
LIBTOOL='$(SHELL) $(top_builddir)/libtool'
LIPO=''
LN_S='ln -s'
LTLIBOBJS=''
MAKEINFO='${SHELL} /s/chopin/b/grad/rohan94/Downloads/pocc-1.4/generators/clastannotation/config/missing makeinfo'
MANIFEST_TOOL=':'
MKDIR_P='/bin/mkdir -p'
NM='/bin/nm -B'
NMEDIT=''
OBJDUMP='objdump'
OBJEXT='o'
OTOOL64=''
OTOOL=''
PACKAGE='clastannotation'
PACKAGE_BUGREPORT='pouchet@cse.ohio-state.edu'
PACKAGE_NAME='clastannotation'
PACKAGE_STRING='clastannotation 0.1.0'
PACKAGE_TARNAME='clastannotation'
PACKAGE_URL=''
PACKAGE_VERSION='0.1.0'
PATH_SEPARATOR=':'
RANLIB='ranlib'
SED='/bin/sed'
SET_MAKE=''
SHELL='/bin/sh'
STRIP='strip'
VERSION='0.1.0'
ac_aux_dir='config'
ac_ct_AR='ar'
ac_ct_CC='gcc'
ac_ct_DUMPBIN=''
am__EXEEXT_FALSE=''
am__EXEEXT_TRUE='#'
am__fastdepCC_FALSE='#'
am__fastdepCC_TRUE=''
am__include='include'
am__isrc=''
am__leading_dot='.'
am__nodep='_no'
am__quote=''
am__tar='tar --format=ustar -chf - "$$tardir"'
am__untar='tar -xf -'
bindir='${exec_prefix}/bin'
build='x86_64-unknown-linux-gnu'
build_alias=''
build_cpu='x86_64'
build_os='linux-gnu'
build_vendor='unknown'
datadir='${datarootdir}'
datarootdir='${prefix}/share'
docdir='${datarootdir}/doc/${PACKAGE_TARNAME}'
dvidir='${docdir}'
exec_prefix='${prefix}'
host='x86_64-unknown-linux-gnu'
host_alias=''
host_cpu='x86_64'
host_os='linux-gnu'
host_vendor='unknown'
htmldir='${docdir}'
includedir='${prefix}/include'
infodir='${datarootdir}/info'
install_sh='${SHELL} /s/chopin/b/grad/rohan94/Downloads/pocc-1.4/generators/clastannotation/config/install-sh'
libdir='${exec_prefix}/lib'
libexecdir='${exec_prefix}/libexec'
localedir='${datarootdir}/locale'
localstatedir='${prefix}/var'
mandir='${datarootdir}/man'
mkdir_p='$(MKDIR_P)'
oldincludedir='/usr/include'
pdfdir='${docdir}'
prefix='/s/chopin/b/grad/rohan94/Downloads/pocc-1.4/generators/install-clastannotation'
program_transform_name='s,x,x,'
psdir='${docdir}'
sbindir='${exec_prefix}/sbin'
sharedstatedir='${prefix}/com'
sysconfdir='${prefix}/etc'
target_alias=''

## ----------- ##
## confdefs.h. ##
## ----------- ##

/* confdefs.h */
#define PACKAGE_NAME "clastannotation"
#define PACKAGE_TARNAME "clastannotation"
#define PACKAGE_VERSION "0.1.0"
#define PACKAGE_STRING "clastannotation 0.1.0"
#define PACKAGE_BUGREPORT "pouchet@cse.ohio-state.edu"
#define PACKAGE_URL ""
#define STDC_HEADERS 1
#define HAVE_SYS_TYPES_H 1
#define HAVE_SYS_STAT_H 1
#define HAVE_STDLIB_H 1
#define HAVE_STRING_H 1
#define HAVE_MEMORY_H 1
#define HAVE_STRINGS_H 1
#define HAVE_INTTYPES_H 1
#define HAVE_STDINT_H 1
#define HAVE_UNISTD_H 1
#define HAVE_DLFCN_H 1
#define LT_OBJDIR ".libs/"
#define STDC_HEADERS 1
#define HAVE_ERRNO_H 1
#define HAVE_STDDEF_H 1
#define HAVE_STDLIB_H 1
#define HAVE_STRING_H 1
#define HAVE_STRINGS_H 1
#define HAVE_UNISTD_H 1
#define HAVE_LIBCLOOG 1
#define HAVE_LIBPIPLIB 1
#define HAVE_LIBSCOPTOOLS 1
#define HAVE_LIBCLASTTOOLS 1

configure: exit 0
