This file contains any messages produced by compilers while
running configure, to aid debugging if configure makes a mistake.

It was created by cloog configure 0.18.2, which was
generated by GNU Autoconf 2.69.  Invocation command line was

  $ ./configure --disable-static --enable-shared --prefix=/s/chopin/b/grad/rohan94/Downloads/pocc-1.4/generators/install-cloog --with-isl=system --with-isl-prefix=/s/chopin/b/grad/rohan94/Downloads/pocc-1.4/math/install-isl --with-gmp-prefix=/s/chopin/b/grad/rohan94/Downloads/pocc-1.4/math/external/install --without-piplib

## --------- ##
## Platform. ##
## --------- ##

hostname = jackson
uname -m = x86_64
uname -r = 4.13.5-100.fc25.x86_64
uname -s = Linux
uname -v = #1 SMP Fri Oct 6 01:01:44 UTC 2017

/usr/bin/uname -p = x86_64
/bin/uname -X     = unknown

/bin/arch              = x86_64
/usr/bin/arch -k       = unknown
/usr/convex/getsysinfo = unknown
/usr/bin/hostinfo      = unknown
/bin/machine           = unknown
/usr/bin/oslevel       = unknown
/bin/universe          = unknown

PATH: /s/chopin/b/grad/rohan94/bin
PATH: /bin
PATH: /usr/bin
PATH: /sbin
PATH: /usr/sbin
PATH: /usr/local/bin
PATH: .


## ----------- ##
## Core tests. ##
## ----------- ##

configure:2429: checking for a BSD-compatible install
configure:2497: result: /bin/install -c
configure:2508: checking whether build environment is sane
configure:2563: result: yes
configure:2714: checking for a thread-safe mkdir -p
configure:2753: result: /bin/mkdir -p
configure:2760: checking for gawk
configure:2776: found /bin/gawk
configure:2787: result: gawk
configure:2798: checking whether make sets $(MAKE)
configure:2820: result: yes
configure:2849: checking whether make supports nested variables
configure:2866: result: yes
configure:3003: checking whether make supports nested variables
configure:3020: result: yes
configure:3081: checking for gcc
configure:3097: found /bin/gcc
configure:3108: result: gcc
configure:3337: checking for C compiler version
configure:3346: gcc --version >&5
gcc (GCC) 6.4.1 20170727 (Red Hat 6.4.1-1)
Copyright (C) 2017 Free Software Foundation, Inc.
This is free software; see the source for copying conditions.  There is NO
warranty; not even for MERCHANTABILITY or FITNESS FOR A PARTICULAR PURPOSE.

configure:3357: $? = 0
configure:3346: gcc -v >&5
Using built-in specs.
COLLECT_GCC=gcc
COLLECT_LTO_WRAPPER=/usr/libexec/gcc/x86_64-redhat-linux/6.4.1/lto-wrapper
Target: x86_64-redhat-linux
Configured with: ../configure --enable-bootstrap --enable-languages=c,c++,objc,obj-c++,fortran,ada,go,lto --prefix=/usr --mandir=/usr/share/man --infodir=/usr/share/info --with-bugurl=http://bugzilla.redhat.com/bugzilla --enable-shared --enable-threads=posix --enable-checking=release --enable-multilib --with-system-zlib --enable-__cxa_atexit --disable-libunwind-exceptions --enable-gnu-unique-object --enable-linker-build-id --with-linker-hash-style=gnu --enable-plugin --enable-initfini-array --disable-libgcj --with-isl --enable-libmpx --enable-gnu-indirect-function --with-tune=generic --with-arch_32=i686 --build=x86_64-redhat-linux
Thread model: posix
gcc version 6.4.1 20170727 (Red Hat 6.4.1-1) (GCC) 
configure:3357: $? = 0
configure:3346: gcc -V >&5
gcc: error: unrecognized command line option '-V'
gcc: fatal error: no input files
compilation terminated.
configure:3357: $? = 1
configure:3346: gcc -qversion >&5
gcc: error: unrecognized command line option '-qversion'; did you mean '--version'?
gcc: fatal error: no input files
compilation terminated.
configure:3357: $? = 1
configure:3377: checking whether the C compiler works
configure:3399: gcc    conftest.c  >&5
configure:3403: $? = 0
configure:3451: result: yes
configure:3454: checking for C compiler default output file name
configure:3456: result: a.out
configure:3462: checking for suffix of executables
configure:3469: gcc -o conftest    conftest.c  >&5
configure:3473: $? = 0
configure:3495: result: 
configure:3517: checking whether we are cross compiling
configure:3525: gcc -o conftest    conftest.c  >&5
configure:3529: $? = 0
configure:3536: ./conftest
configure:3540: $? = 0
configure:3555: result: no
configure:3560: checking for suffix of object files
configure:3582: gcc -c   conftest.c >&5
configure:3586: $? = 0
configure:3607: result: o
configure:3611: checking whether we are using the GNU C compiler
configure:3630: gcc -c   conftest.c >&5
configure:3630: $? = 0
configure:3639: result: yes
configure:3648: checking whether gcc accepts -g
configure:3668: gcc -c -g  conftest.c >&5
configure:3668: $? = 0
configure:3709: result: yes
configure:3726: checking for gcc option to accept ISO C89
configure:3789: gcc  -c -g -O2  conftest.c >&5
configure:3789: $? = 0
configure:3802: result: none needed
configure:3827: checking whether gcc understands -c and -o together
configure:3849: gcc -c conftest.c -o conftest2.o
configure:3852: $? = 0
configure:3849: gcc -c conftest.c -o conftest2.o
configure:3852: $? = 0
configure:3864: result: yes
configure:3892: checking for style of include used by make
configure:3920: result: GNU
configure:3946: checking dependency style of gcc
configure:4057: result: gcc3
configure:4072: checking whether ln -s works
configure:4076: result: yes
configure:4083: checking whether make sets $(MAKE)
configure:4105: result: yes
configure:4116: checking for cd
configure:4132: found /bin/cd
configure:4146: result: no
configure:4181: checking build system type
configure:4195: result: x86_64-unknown-linux-gnu
configure:4215: checking host system type
configure:4228: result: x86_64-unknown-linux-gnu
configure:4269: checking how to print strings
configure:4296: result: printf
configure:4317: checking for a sed that does not truncate output
configure:4381: result: /bin/sed
configure:4399: checking for grep that handles long lines and -e
configure:4457: result: /bin/grep
configure:4462: checking for egrep
configure:4524: result: /bin/grep -E
configure:4529: checking for fgrep
configure:4591: result: /bin/grep -F
configure:4626: checking for ld used by gcc
configure:4693: result: /bin/ld
configure:4700: checking if the linker (/bin/ld) is GNU ld
configure:4715: result: yes
configure:4727: checking for BSD- or MS-compatible name lister (nm)
configure:4776: result: /bin/nm -B
configure:4906: checking the name lister (/bin/nm -B) interface
configure:4913: gcc -c -g -O2  conftest.c >&5
configure:4916: /bin/nm -B "conftest.o"
configure:4919: output
0000000000000000 B some_variable
configure:4926: result: BSD nm
configure:4930: checking the maximum length of command line arguments
configure:5061: result: 1572864
configure:5078: checking whether the shell understands some XSI constructs
configure:5088: result: yes
configure:5092: checking whether the shell understands "+="
configure:5098: result: yes
configure:5133: checking how to convert x86_64-unknown-linux-gnu file names to x86_64-unknown-linux-gnu format
configure:5173: result: func_convert_file_noop
configure:5180: checking how to convert x86_64-unknown-linux-gnu file names to toolchain format
configure:5200: result: func_convert_file_noop
configure:5207: checking for /bin/ld option to reload object files
configure:5214: result: -r
configure:5288: checking for objdump
configure:5304: found /bin/objdump
configure:5315: result: objdump
configure:5347: checking how to recognize dependent libraries
configure:5545: result: pass_all
configure:5630: checking for dlltool
configure:5660: result: no
configure:5690: checking how to associate runtime and link libraries
configure:5717: result: printf %s\n
configure:5778: checking for ar
configure:5794: found /bin/ar
configure:5805: result: ar
configure:5842: checking for archiver @FILE support
configure:5859: gcc -c -g -O2  conftest.c >&5
configure:5859: $? = 0
configure:5862: ar cru libconftest.a @conftest.lst >&5
configure:5865: $? = 0
configure:5870: ar cru libconftest.a @conftest.lst >&5
ar: conftest.o: No such file or directory
configure:5873: $? = 1
configure:5885: result: @
configure:5943: checking for strip
configure:5959: found /bin/strip
configure:5970: result: strip
configure:6042: checking for ranlib
configure:6058: found /bin/ranlib
configure:6069: result: ranlib
configure:6171: checking command to parse /bin/nm -B output from gcc object
configure:6291: gcc -c -g -O2  conftest.c >&5
configure:6294: $? = 0
configure:6298: /bin/nm -B conftest.o \| sed -n -e 's/^.*[ ]\([ABCDGIRSTW][ABCDGIRSTW]*\)[ ][ ]*\([_A-Za-z][_A-Za-z0-9]*\)$/\1 \2 \2/p' | sed '/ __gnu_lto/d' \> conftest.nm
configure:6301: $? = 0
configure:6367: gcc -o conftest -g -O2   conftest.c conftstm.o >&5
configure:6370: $? = 0
configure:6408: result: ok
configure:6445: checking for sysroot
configure:6475: result: no
configure:6552: gcc -c -g -O2  conftest.c >&5
configure:6555: $? = 0
configure:6744: checking for mt
configure:6774: result: no
configure:6794: checking if : is a manifest tool
configure:6800: : '-?'
configure:6808: result: no
configure:7450: checking how to run the C preprocessor
configure:7481: gcc -E  conftest.c
configure:7481: $? = 0
configure:7495: gcc -E  conftest.c
conftest.c:11:28: fatal error: ac_nonexistent.h: No such file or directory
 #include <ac_nonexistent.h>
                            ^
compilation terminated.
configure:7495: $? = 1
configure: failed program was:
| /* confdefs.h */
| #define PACKAGE_NAME "cloog"
| #define PACKAGE_TARNAME "cloog"
| #define PACKAGE_VERSION "0.18.2"
| #define PACKAGE_STRING "cloog 0.18.2"
| #define PACKAGE_BUGREPORT "cloog-development@googlegroups.com"
| #define PACKAGE_URL ""
| #define PACKAGE "cloog"
| #define VERSION "0.18.2"
| /* end confdefs.h.  */
| #include <ac_nonexistent.h>
configure:7520: result: gcc -E
configure:7540: gcc -E  conftest.c
configure:7540: $? = 0
configure:7554: gcc -E  conftest.c
conftest.c:11:28: fatal error: ac_nonexistent.h: No such file or directory
 #include <ac_nonexistent.h>
                            ^
compilation terminated.
configure:7554: $? = 1
configure: failed program was:
| /* confdefs.h */
| #define PACKAGE_NAME "cloog"
| #define PACKAGE_TARNAME "cloog"
| #define PACKAGE_VERSION "0.18.2"
| #define PACKAGE_STRING "cloog 0.18.2"
| #define PACKAGE_BUGREPORT "cloog-development@googlegroups.com"
| #define PACKAGE_URL ""
| #define PACKAGE "cloog"
| #define VERSION "0.18.2"
| /* end confdefs.h.  */
| #include <ac_nonexistent.h>
configure:7583: checking for ANSI C header files
configure:7603: gcc -c -g -O2  conftest.c >&5
configure:7603: $? = 0
configure:7676: gcc -o conftest -g -O2   conftest.c  >&5
configure:7676: $? = 0
configure:7676: ./conftest
configure:7676: $? = 0
configure:7687: result: yes
configure:7700: checking for sys/types.h
configure:7700: gcc -c -g -O2  conftest.c >&5
configure:7700: $? = 0
configure:7700: result: yes
configure:7700: checking for sys/stat.h
configure:7700: gcc -c -g -O2  conftest.c >&5
configure:7700: $? = 0
configure:7700: result: yes
configure:7700: checking for stdlib.h
configure:7700: gcc -c -g -O2  conftest.c >&5
configure:7700: $? = 0
configure:7700: result: yes
configure:7700: checking for string.h
configure:7700: gcc -c -g -O2  conftest.c >&5
configure:7700: $? = 0
configure:7700: result: yes
configure:7700: checking for memory.h
configure:7700: gcc -c -g -O2  conftest.c >&5
configure:7700: $? = 0
configure:7700: result: yes
configure:7700: checking for strings.h
configure:7700: gcc -c -g -O2  conftest.c >&5
configure:7700: $? = 0
configure:7700: result: yes
configure:7700: checking for inttypes.h
configure:7700: gcc -c -g -O2  conftest.c >&5
configure:7700: $? = 0
configure:7700: result: yes
configure:7700: checking for stdint.h
configure:7700: gcc -c -g -O2  conftest.c >&5
configure:7700: $? = 0
configure:7700: result: yes
configure:7700: checking for unistd.h
configure:7700: gcc -c -g -O2  conftest.c >&5
configure:7700: $? = 0
configure:7700: result: yes
configure:7714: checking for dlfcn.h
configure:7714: gcc -c -g -O2  conftest.c >&5
configure:7714: $? = 0
configure:7714: result: yes
configure:7920: checking for objdir
configure:7935: result: .libs
configure:8206: checking if gcc supports -fno-rtti -fno-exceptions
configure:8224: gcc -c -g -O2  -fno-rtti -fno-exceptions conftest.c >&5
cc1: warning: command line option '-fno-rtti' is valid for C++/ObjC++ but not for C
configure:8228: $? = 0
configure:8241: result: no
configure:8568: checking for gcc option to produce PIC
configure:8575: result: -fPIC -DPIC
configure:8583: checking if gcc PIC flag -fPIC -DPIC works
configure:8601: gcc -c -g -O2  -fPIC -DPIC -DPIC conftest.c >&5
configure:8605: $? = 0
configure:8618: result: yes
configure:8647: checking if gcc static flag -static works
configure:8675: result: yes
configure:8690: checking if gcc supports -c -o file.o
configure:8711: gcc -c -g -O2  -o out/conftest2.o conftest.c >&5
configure:8715: $? = 0
configure:8737: result: yes
configure:8745: checking if gcc supports -c -o file.o
configure:8792: result: yes
configure:8825: checking whether the gcc linker (/bin/ld -m elf_x86_64) supports shared libraries
configure:9982: result: yes
configure:10019: checking whether -lc should be explicitly linked in
configure:10027: gcc -c -g -O2  conftest.c >&5
configure:10030: $? = 0
configure:10045: gcc -shared  -fPIC -DPIC conftest.o  -v -Wl,-soname -Wl,conftest -o conftest 2\>\&1 \| /bin/grep  -lc  \>/dev/null 2\>\&1
configure:10048: $? = 0
configure:10062: result: no
configure:10222: checking dynamic linker characteristics
configure:10722: gcc -o conftest -g -O2   -Wl,-rpath -Wl,/foo conftest.c  >&5
configure:10722: $? = 0
configure:10956: result: GNU/Linux ld.so
configure:11063: checking how to hardcode library paths into programs
configure:11088: result: immediate
configure:11628: checking whether stripping libraries is possible
configure:11633: result: yes
configure:11668: checking if libtool supports shared libraries
configure:11670: result: yes
configure:11673: checking whether to build shared libraries
configure:11694: result: yes
configure:11697: checking whether to build static libraries
configure:11701: result: no
configure:11740: checking for texi2dvi
configure:11756: found /bin/texi2dvi
configure:11767: result: texi2dvi
configure:11785: checking for C compiler vendor
configure:11809: gcc -c -g -O2  conftest.c >&5
conftest.c: In function 'main':
conftest.c:29:7: error: 'thisisanerror' undeclared (first use in this function)
       thisisanerror;
       ^~~~~~~~~~~~~
conftest.c:29:7: note: each undeclared identifier is reported only once for each function it appears in
configure:11809: $? = 1
configure: failed program was:
| /* confdefs.h */
| #define PACKAGE_NAME "cloog"
| #define PACKAGE_TARNAME "cloog"
| #define PACKAGE_VERSION "0.18.2"
| #define PACKAGE_STRING "cloog 0.18.2"
| #define PACKAGE_BUGREPORT "cloog-development@googlegroups.com"
| #define PACKAGE_URL ""
| #define PACKAGE "cloog"
| #define VERSION "0.18.2"
| #define STDC_HEADERS 1
| #define HAVE_SYS_TYPES_H 1
| #define HAVE_SYS_STAT_H 1
| #define HAVE_STDLIB_H 1
| #define HAVE_STRING_H 1
| #define HAVE_MEMORY_H 1
| #define HAVE_STRINGS_H 1
| #define HAVE_INTTYPES_H 1
| #define HAVE_STDINT_H 1
| #define HAVE_UNISTD_H 1
| #define HAVE_DLFCN_H 1
| #define LT_OBJDIR ".libs/"
| /* end confdefs.h.  */
| 
| int
| main ()
| {
| 
| #if !(defined(__ICC) || defined(__ECC) || defined(__INTEL_COMPILER))
|       thisisanerror;
| #endif
| 
|   ;
|   return 0;
| }
configure:11809: gcc -c -g -O2  conftest.c >&5
conftest.c: In function 'main':
conftest.c:29:7: error: 'thisisanerror' undeclared (first use in this function)
       thisisanerror;
       ^~~~~~~~~~~~~
conftest.c:29:7: note: each undeclared identifier is reported only once for each function it appears in
configure:11809: $? = 1
configure: failed program was:
| /* confdefs.h */
| #define PACKAGE_NAME "cloog"
| #define PACKAGE_TARNAME "cloog"
| #define PACKAGE_VERSION "0.18.2"
| #define PACKAGE_STRING "cloog 0.18.2"
| #define PACKAGE_BUGREPORT "cloog-development@googlegroups.com"
| #define PACKAGE_URL ""
| #define PACKAGE "cloog"
| #define VERSION "0.18.2"
| #define STDC_HEADERS 1
| #define HAVE_SYS_TYPES_H 1
| #define HAVE_SYS_STAT_H 1
| #define HAVE_STDLIB_H 1
| #define HAVE_STRING_H 1
| #define HAVE_MEMORY_H 1
| #define HAVE_STRINGS_H 1
| #define HAVE_INTTYPES_H 1
| #define HAVE_STDINT_H 1
| #define HAVE_UNISTD_H 1
| #define HAVE_DLFCN_H 1
| #define LT_OBJDIR ".libs/"
| /* end confdefs.h.  */
| 
| int
| main ()
| {
| 
| #if !(defined(__xlc__) || defined(__xlC__) || defined(__IBMC__) || defined(__IBMCPP__))
|       thisisanerror;
| #endif
| 
|   ;
|   return 0;
| }
configure:11809: gcc -c -g -O2  conftest.c >&5
conftest.c: In function 'main':
conftest.c:29:7: error: 'thisisanerror' undeclared (first use in this function)
       thisisanerror;
       ^~~~~~~~~~~~~
conftest.c:29:7: note: each undeclared identifier is reported only once for each function it appears in
configure:11809: $? = 1
configure: failed program was:
| /* confdefs.h */
| #define PACKAGE_NAME "cloog"
| #define PACKAGE_TARNAME "cloog"
| #define PACKAGE_VERSION "0.18.2"
| #define PACKAGE_STRING "cloog 0.18.2"
| #define PACKAGE_BUGREPORT "cloog-development@googlegroups.com"
| #define PACKAGE_URL ""
| #define PACKAGE "cloog"
| #define VERSION "0.18.2"
| #define STDC_HEADERS 1
| #define HAVE_SYS_TYPES_H 1
| #define HAVE_SYS_STAT_H 1
| #define HAVE_STDLIB_H 1
| #define HAVE_STRING_H 1
| #define HAVE_MEMORY_H 1
| #define HAVE_STRINGS_H 1
| #define HAVE_INTTYPES_H 1
| #define HAVE_STDINT_H 1
| #define HAVE_UNISTD_H 1
| #define HAVE_DLFCN_H 1
| #define LT_OBJDIR ".libs/"
| /* end confdefs.h.  */
| 
| int
| main ()
| {
| 
| #if !(defined(__PATHCC__) || defined(__PATHSCALE__))
|       thisisanerror;
| #endif
| 
|   ;
|   return 0;
| }
configure:11809: gcc -c -g -O2  conftest.c >&5
configure:11809: $? = 0
configure:11816: result: gnu
configure:12075: checking whether C compiler accepts -malign-double
configure:12094: gcc -c -malign-double  conftest.c >&5
configure:12094: $? = 0
configure:12104: result: yes
configure:12114: checking whether C compiler accepts -fstrict-aliasing
configure:12133: gcc -c -fstrict-aliasing  conftest.c >&5
configure:12133: $? = 0
configure:12143: result: yes
configure:12153: checking whether C compiler accepts -ffast-math
configure:12172: gcc -c -ffast-math  conftest.c >&5
configure:12172: $? = 0
configure:12182: result: yes
configure:12203: checking for gcc architecture flag
configure:12205: result: 
configure:12227: checking for x86 cpuid 0 output
configure:12256: gcc -o conftest -O3 -fomit-frame-pointer -malign-double -fstrict-aliasing -ffast-math   conftest.c  >&5
configure:12256: $? = 0
configure:12256: ./conftest
configure:12256: $? = 0
configure:12266: result: d:756e6547:6c65746e:49656e69
configure:12282: checking for x86 cpuid 1 output
configure:12311: gcc -o conftest -O3 -fomit-frame-pointer -malign-double -fstrict-aliasing -ffast-math   conftest.c  >&5
configure:12311: $? = 0
configure:12311: ./conftest
configure:12311: $? = 0
configure:12321: result: 306e4:c200800:7fbee3ff:bfebfbff
configure:12535: checking whether C compiler accepts -march=pentiumpro
configure:12550: gcc -c -march=pentiumpro  conftest.c >&5
conftest.c:1:0: error: CPU you selected does not support x86-64 instruction set
 /* confdefs.h */
 
conftest.c:1:0: error: CPU you selected does not support x86-64 instruction set
configure:12550: $? = 1
configure: failed program was:
| /* confdefs.h */
| #define PACKAGE_NAME "cloog"
| #define PACKAGE_TARNAME "cloog"
| #define PACKAGE_VERSION "0.18.2"
| #define PACKAGE_STRING "cloog 0.18.2"
| #define PACKAGE_BUGREPORT "cloog-development@googlegroups.com"
| #define PACKAGE_URL ""
| #define PACKAGE "cloog"
| #define VERSION "0.18.2"
| #define STDC_HEADERS 1
| #define HAVE_SYS_TYPES_H 1
| #define HAVE_SYS_STAT_H 1
| #define HAVE_STDLIB_H 1
| #define HAVE_STRING_H 1
| #define HAVE_MEMORY_H 1
| #define HAVE_STRINGS_H 1
| #define HAVE_INTTYPES_H 1
| #define HAVE_STDINT_H 1
| #define HAVE_UNISTD_H 1
| #define HAVE_DLFCN_H 1
| #define LT_OBJDIR ".libs/"
| /* end confdefs.h.  */
| 
| int
| main ()
| {
| 
|   ;
|   return 0;
| }
configure:12558: result: no
configure:12535: checking whether C compiler accepts -mcpu=pentiumpro
configure:12550: gcc -c -mcpu=pentiumpro  conftest.c >&5
gcc: warning: '-mcpu=' is deprecated; use '-mtune=' or '-march=' instead
conftest.c:1:0: error: CPU you selected does not support x86-64 instruction set
 /* confdefs.h */
 
configure:12550: $? = 1
configure: failed program was:
| /* confdefs.h */
| #define PACKAGE_NAME "cloog"
| #define PACKAGE_TARNAME "cloog"
| #define PACKAGE_VERSION "0.18.2"
| #define PACKAGE_STRING "cloog 0.18.2"
| #define PACKAGE_BUGREPORT "cloog-development@googlegroups.com"
| #define PACKAGE_URL ""
| #define PACKAGE "cloog"
| #define VERSION "0.18.2"
| #define STDC_HEADERS 1
| #define HAVE_SYS_TYPES_H 1
| #define HAVE_SYS_STAT_H 1
| #define HAVE_STDLIB_H 1
| #define HAVE_STRING_H 1
| #define HAVE_MEMORY_H 1
| #define HAVE_STRINGS_H 1
| #define HAVE_INTTYPES_H 1
| #define HAVE_STDINT_H 1
| #define HAVE_UNISTD_H 1
| #define HAVE_DLFCN_H 1
| #define LT_OBJDIR ".libs/"
| /* end confdefs.h.  */
| 
| int
| main ()
| {
| 
|   ;
|   return 0;
| }
configure:12558: result: no
configure:12535: checking whether C compiler accepts -mpentiumpro
configure:12550: gcc -c -mpentiumpro  conftest.c >&5
gcc: error: unrecognized command line option '-mpentiumpro'
configure:12550: $? = 1
configure: failed program was:
| /* confdefs.h */
| #define PACKAGE_NAME "cloog"
| #define PACKAGE_TARNAME "cloog"
| #define PACKAGE_VERSION "0.18.2"
| #define PACKAGE_STRING "cloog 0.18.2"
| #define PACKAGE_BUGREPORT "cloog-development@googlegroups.com"
| #define PACKAGE_URL ""
| #define PACKAGE "cloog"
| #define VERSION "0.18.2"
| #define STDC_HEADERS 1
| #define HAVE_SYS_TYPES_H 1
| #define HAVE_SYS_STAT_H 1
| #define HAVE_STDLIB_H 1
| #define HAVE_STRING_H 1
| #define HAVE_MEMORY_H 1
| #define HAVE_STRINGS_H 1
| #define HAVE_INTTYPES_H 1
| #define HAVE_STDINT_H 1
| #define HAVE_UNISTD_H 1
| #define HAVE_DLFCN_H 1
| #define LT_OBJDIR ".libs/"
| /* end confdefs.h.  */
| 
| int
| main ()
| {
| 
|   ;
|   return 0;
| }
configure:12558: result: no
configure:12575: checking for gcc architecture flag
configure:12577: result: unknown
configure:12599: checking whether C compiler accepts -O3 -fomit-frame-pointer -malign-double -fstrict-aliasing -ffast-math
configure:12614: gcc -c -O3 -fomit-frame-pointer -malign-double -fstrict-aliasing -ffast-math  conftest.c >&5
configure:12614: $? = 0
configure:12622: result: yes
configure:12643: checking CFLAGS_WARN for maximum warnings
configure:12670: gcc -c -O3 -fomit-frame-pointer -malign-double -fstrict-aliasing -ffast-math -pedantic  -Wall  conftest.c >&5
configure:12670: $? = 0
configure:12684: result: -Wall
configure:12697: : CFLAGS_WARN="$CFLAGS_WARN $ac_cv_cflags_warn_all"
configure:12700: $? = 0
configure:12708: checking for an ANSI C-conforming const
configure:12774: gcc -c -O3 -fomit-frame-pointer -malign-double -fstrict-aliasing -ffast-math  conftest.c >&5
configure:12774: $? = 0
configure:12781: result: yes
configure:12789: checking for size_t
configure:12789: gcc -c -O3 -fomit-frame-pointer -malign-double -fstrict-aliasing -ffast-math  conftest.c >&5
configure:12789: $? = 0
configure:12789: gcc -c -O3 -fomit-frame-pointer -malign-double -fstrict-aliasing -ffast-math  conftest.c >&5
conftest.c: In function 'main':
conftest.c:59:21: error: expected expression before ')' token
 if (sizeof ((size_t)))
                     ^
configure:12789: $? = 1
configure: failed program was:
| /* confdefs.h */
| #define PACKAGE_NAME "cloog"
| #define PACKAGE_TARNAME "cloog"
| #define PACKAGE_VERSION "0.18.2"
| #define PACKAGE_STRING "cloog 0.18.2"
| #define PACKAGE_BUGREPORT "cloog-development@googlegroups.com"
| #define PACKAGE_URL ""
| #define PACKAGE "cloog"
| #define VERSION "0.18.2"
| #define STDC_HEADERS 1
| #define HAVE_SYS_TYPES_H 1
| #define HAVE_SYS_STAT_H 1
| #define HAVE_STDLIB_H 1
| #define HAVE_STRING_H 1
| #define HAVE_MEMORY_H 1
| #define HAVE_STRINGS_H 1
| #define HAVE_INTTYPES_H 1
| #define HAVE_STDINT_H 1
| #define HAVE_UNISTD_H 1
| #define HAVE_DLFCN_H 1
| #define LT_OBJDIR ".libs/"
| /* end confdefs.h.  */
| #include <stdio.h>
| #ifdef HAVE_SYS_TYPES_H
| # include <sys/types.h>
| #endif
| #ifdef HAVE_SYS_STAT_H
| # include <sys/stat.h>
| #endif
| #ifdef STDC_HEADERS
| # include <stdlib.h>
| # include <stddef.h>
| #else
| # ifdef HAVE_STDLIB_H
| #  include <stdlib.h>
| # endif
| #endif
| #ifdef HAVE_STRING_H
| # if !defined STDC_HEADERS && defined HAVE_MEMORY_H
| #  include <memory.h>
| # endif
| # include <string.h>
| #endif
| #ifdef HAVE_STRINGS_H
| # include <strings.h>
| #endif
| #ifdef HAVE_INTTYPES_H
| # include <inttypes.h>
| #endif
| #ifdef HAVE_STDINT_H
| # include <stdint.h>
| #endif
| #ifdef HAVE_UNISTD_H
| # include <unistd.h>
| #endif
| int
| main ()
| {
| if (sizeof ((size_t)))
| 	    return 0;
|   ;
|   return 0;
| }
configure:12789: result: yes
configure:12803: checking for ANSI C header files
configure:12907: result: yes
configure:12919: checking for strtol
configure:12919: gcc -o conftest -O3 -fomit-frame-pointer -malign-double -fstrict-aliasing -ffast-math   conftest.c  >&5
configure:12919: $? = 0
configure:12919: result: yes
configure:12933: checking for getrusage
configure:12933: gcc -o conftest -O3 -fomit-frame-pointer -malign-double -fstrict-aliasing -ffast-math   conftest.c  >&5
configure:12933: $? = 0
configure:12933: result: yes
configure:13020: checking which isl to use
configure:13022: result: system
configure:13104: checking which gmp to use
configure:13106: result: system
configure:13129: checking gmp.h usability
configure:13129: gcc -c -O3 -fomit-frame-pointer -malign-double -fstrict-aliasing -ffast-math -I/s/chopin/b/grad/rohan94/Downloads/pocc-1.4/math/external/install/include  conftest.c >&5
configure:13129: $? = 0
configure:13129: result: yes
configure:13129: checking gmp.h presence
configure:13129: gcc -E -I/s/chopin/b/grad/rohan94/Downloads/pocc-1.4/math/external/install/include  conftest.c
configure:13129: $? = 0
configure:13129: result: yes
configure:13129: checking for gmp.h
configure:13129: result: yes
configure:13137: checking for __gmpz_init in -lgmp
configure:13162: gcc -o conftest -O3 -fomit-frame-pointer -malign-double -fstrict-aliasing -ffast-math -I/s/chopin/b/grad/rohan94/Downloads/pocc-1.4/math/external/install/include  -L/s/chopin/b/grad/rohan94/Downloads/pocc-1.4/math/external/install/lib  conftest.c -lgmp   >&5
configure:13162: $? = 0
configure:13171: result: yes
configure:13179: checking whether mp_get_memory_functions is declared
configure:13179: gcc -c -O3 -fomit-frame-pointer -malign-double -fstrict-aliasing -ffast-math -I/s/chopin/b/grad/rohan94/Downloads/pocc-1.4/math/external/install/include  conftest.c >&5
configure:13179: $? = 0
configure:13179: result: yes
configure:13324: checking which osl to use
configure:13326: result: no
configure:13402: checking our pkgconfig libname
configure:13410: result: cloog-isl
configure:13413: checking our pkgconfig version
configure:13421: result: 0.18.2
configure:13424: checking our pkgconfig_libdir
configure:13431: result: ${libdir}/pkgconfig
configure:13434: result: expanded our pkgconfig_libdir... /s/chopin/b/grad/rohan94/Downloads/pocc-1.4/generators/install-cloog/lib/pkgconfig
configure:13438: checking our pkgconfig_libfile
configure:13444: result: cloog-isl.pc
configure:13451: checking our package / suffix
configure:13455: result: cloog-isl / 
configure:13458: checking our pkgconfig description
configure:13465: result: cloog-isl Library
configure:13468: checking our pkgconfig requires
configure:13473: result: 
configure:13476: checking our pkgconfig ext libs
configure:13483: result: -lcloog-isl -lgmp
configure:13486: checking our pkgconfig cppflags
configure:13491: result: -I/s/chopin/b/grad/rohan94/Downloads/pocc-1.4/math/external/install/include -DCLOOG_INT_GMP=1
configure:13494: checking our pkgconfig ldflags
configure:13499: result: -L/s/chopin/b/grad/rohan94/Downloads/pocc-1.4/math/external/install/lib
configure:13539: result: noninstalled pkgconfig -L /s/chopin/b/grad/rohan94/Downloads/pocc-1.4/generators/cloog/.libs
configure:13574: result: noninstalled pkgconfig -I /s/chopin/b/grad/rohan94/Downloads/pocc-1.4/generators/cloog/./include
configure:13754: checking that generated files are newer than configure
configure:13760: result: done
configure:13807: creating ./config.status

## ---------------------- ##
## Running config.status. ##
## ---------------------- ##

This file was extended by cloog config.status 0.18.2, which was
generated by GNU Autoconf 2.69.  Invocation command line was

  CONFIG_FILES    = 
  CONFIG_HEADERS  = 
  CONFIG_LINKS    = 
  CONFIG_COMMANDS = 
  $ ./config.status 

on jackson

config.status:1066: creating Makefile
config.status:1066: creating test/Makefile
config.status:1066: creating autoconf/Doxyfile
config.status:1066: creating doc/Makefile
config.status:1066: creating source/version.c
config.status:1066: creating include/cloog/version.h
config.status:1066: creating genversion.sh
config.status:1238: executing depfiles commands
config.status:1238: executing libtool commands
config.status:1238: executing cloog-isl.pc commands
config.status:1977: creating cloog-isl.pc.in
config.status:2000: creating cloog-isl.pc
config.status:2026: creating cloog-isl-uninstalled.pc
config.status:2056: creating cloog-isl-uninstalled.sh
config.status:1238: executing version.h commands
config.status:1238: executing doc/gitversion.texi commands

## ---------------- ##
## Cache variables. ##
## ---------------- ##

ac_cv_build=x86_64-unknown-linux-gnu
ac_cv_c_compiler_gnu=yes
ac_cv_c_const=yes
ac_cv_cflags_warn_all=-Wall
ac_cv_env_CC_set=
ac_cv_env_CC_value=
ac_cv_env_CFLAGS_set=
ac_cv_env_CFLAGS_value=
ac_cv_env_CPPFLAGS_set=
ac_cv_env_CPPFLAGS_value=
ac_cv_env_CPP_set=
ac_cv_env_CPP_value=
ac_cv_env_LDFLAGS_set=
ac_cv_env_LDFLAGS_value=
ac_cv_env_LIBS_set=
ac_cv_env_LIBS_value=
ac_cv_env_build_alias_set=
ac_cv_env_build_alias_value=
ac_cv_env_host_alias_set=
ac_cv_env_host_alias_value=
ac_cv_env_target_alias_set=
ac_cv_env_target_alias_value=
ac_cv_func_getrusage=yes
ac_cv_func_strtol=yes
ac_cv_have_decl_mp_get_memory_functions=yes
ac_cv_header_dlfcn_h=yes
ac_cv_header_gmp_h=yes
ac_cv_header_inttypes_h=yes
ac_cv_header_memory_h=yes
ac_cv_header_stdc=yes
ac_cv_header_stdint_h=yes
ac_cv_header_stdlib_h=yes
ac_cv_header_string_h=yes
ac_cv_header_strings_h=yes
ac_cv_header_sys_stat_h=yes
ac_cv_header_sys_types_h=yes
ac_cv_header_unistd_h=yes
ac_cv_host=x86_64-unknown-linux-gnu
ac_cv_lib_gmp___gmpz_init=yes
ac_cv_objext=o
ac_cv_path_EGREP='/bin/grep -E'
ac_cv_path_FGREP='/bin/grep -F'
ac_cv_path_GREP=/bin/grep
ac_cv_path_SED=/bin/sed
ac_cv_path_install='/bin/install -c'
ac_cv_path_mkdir=/bin/mkdir
ac_cv_prog_AWK=gawk
ac_cv_prog_CD=
ac_cv_prog_CPP='gcc -E'
ac_cv_prog_TEXI2DVI=texi2dvi
ac_cv_prog_ac_ct_AR=ar
ac_cv_prog_ac_ct_CC=gcc
ac_cv_prog_ac_ct_OBJDUMP=objdump
ac_cv_prog_ac_ct_RANLIB=ranlib
ac_cv_prog_ac_ct_STRIP=strip
ac_cv_prog_cc_c89=
ac_cv_prog_cc_g=yes
ac_cv_prog_make_make_set=yes
ac_cv_type_size_t=yes
am_cv_CC_dependencies_compiler_type=gcc3
am_cv_make_support_nested_variables=yes
am_cv_prog_cc_c_o=yes
ax_cv_c_compiler_vendor=gnu
ax_cv_c_flags__O3__fomit_frame_pointer__malign_double__fstrict_aliasing__ffast_math=yes
ax_cv_c_flags__ffast_math=yes
ax_cv_c_flags__fstrict_aliasing=yes
ax_cv_c_flags__malign_double=yes
ax_cv_c_flags__march_pentiumpro=no
ax_cv_c_flags__mcpu_pentiumpro=no
ax_cv_c_flags__mpentiumpro=no
ax_cv_gcc_archflag=unknown
ax_cv_gcc_x86_cpuid_0=d:756e6547:6c65746e:49656e69
ax_cv_gcc_x86_cpuid_1=306e4:c200800:7fbee3ff:bfebfbff
lt_cv_ar_at_file=@
lt_cv_archive_cmds_need_lc=no
lt_cv_deplibs_check_method=pass_all
lt_cv_file_magic_cmd='$MAGIC_CMD'
lt_cv_file_magic_test_file=
lt_cv_ld_reload_flag=-r
lt_cv_nm_interface='BSD nm'
lt_cv_objdir=.libs
lt_cv_path_LD=/bin/ld
lt_cv_path_NM='/bin/nm -B'
lt_cv_path_mainfest_tool=no
lt_cv_prog_compiler_c_o=yes
lt_cv_prog_compiler_pic='-fPIC -DPIC'
lt_cv_prog_compiler_pic_works=yes
lt_cv_prog_compiler_rtti_exceptions=no
lt_cv_prog_compiler_static_works=yes
lt_cv_prog_gnu_ld=yes
lt_cv_sharedlib_from_linklib_cmd='printf %s\n'
lt_cv_shlibpath_overrides_runpath=no
lt_cv_sys_global_symbol_pipe='sed -n -e '\''s/^.*[	 ]\([ABCDGIRSTW][ABCDGIRSTW]*\)[	 ][	 ]*\([_A-Za-z][_A-Za-z0-9]*\)$/\1 \2 \2/p'\'' | sed '\''/ __gnu_lto/d'\'''
lt_cv_sys_global_symbol_to_c_name_address='sed -n -e '\''s/^: \([^ ]*\)[ ]*$/  {\"\1\", (void *) 0},/p'\'' -e '\''s/^[ABCDGIRSTW]* \([^ ]*\) \([^ ]*\)$/  {"\2", (void *) \&\2},/p'\'''
lt_cv_sys_global_symbol_to_c_name_address_lib_prefix='sed -n -e '\''s/^: \([^ ]*\)[ ]*$/  {\"\1\", (void *) 0},/p'\'' -e '\''s/^[ABCDGIRSTW]* \([^ ]*\) \(lib[^ ]*\)$/  {"\2", (void *) \&\2},/p'\'' -e '\''s/^[ABCDGIRSTW]* \([^ ]*\) \([^ ]*\)$/  {"lib\2", (void *) \&\2},/p'\'''
lt_cv_sys_global_symbol_to_cdecl='sed -n -e '\''s/^T .* \(.*\)$/extern int \1();/p'\'' -e '\''s/^[ABCDGIRSTW]* .* \(.*\)$/extern char \1;/p'\'''
lt_cv_sys_max_cmd_len=1572864
lt_cv_to_host_file_cmd=func_convert_file_noop
lt_cv_to_tool_file_cmd=func_convert_file_noop

## ----------------- ##
## Output variables. ##
## ----------------- ##

ACLOCAL='${SHELL} /s/chopin/b/grad/rohan94/Downloads/pocc-1.4/generators/cloog/autoconf/missing aclocal-1.14'
AMDEPBACKSLASH='\'
AMDEP_FALSE='#'
AMDEP_TRUE=''
AMTAR='$${TAR-tar}'
AM_BACKSLASH='\'
AM_DEFAULT_V='$(AM_DEFAULT_VERBOSITY)'
AM_DEFAULT_VERBOSITY='0'
AM_V='$(V)'
AR='ar'
AUTOCONF='${SHELL} /s/chopin/b/grad/rohan94/Downloads/pocc-1.4/generators/cloog/autoconf/missing autoconf'
AUTOHEADER='${SHELL} /s/chopin/b/grad/rohan94/Downloads/pocc-1.4/generators/cloog/autoconf/missing autoheader'
AUTOMAKE='${SHELL} /s/chopin/b/grad/rohan94/Downloads/pocc-1.4/generators/cloog/autoconf/missing automake-1.14'
AWK='gawk'
BITS='gmp'
BUNDLED_ISL_FALSE=''
BUNDLED_ISL_TRUE='#'
BUNDLED_OSL_FALSE=''
BUNDLED_OSL_TRUE='#'
CC='gcc'
CCDEPMODE='depmode=gcc3'
CD=''
CFLAGS='-O3 -fomit-frame-pointer -malign-double -fstrict-aliasing -ffast-math'
CFLAGS_WARN=' -Wall'
CPP='gcc -E'
CPPFLAGS='-I/s/chopin/b/grad/rohan94/Downloads/pocc-1.4/math/external/install/include '
CYGPATH_W='echo'
DEFS='-DPACKAGE_NAME=\"cloog\" -DPACKAGE_TARNAME=\"cloog\" -DPACKAGE_VERSION=\"0.18.2\" -DPACKAGE_STRING=\"cloog\ 0.18.2\" -DPACKAGE_BUGREPORT=\"cloog-development@googlegroups.com\" -DPACKAGE_URL=\"\" -DPACKAGE=\"cloog\" -DVERSION=\"0.18.2\" -DSTDC_HEADERS=1 -DHAVE_SYS_TYPES_H=1 -DHAVE_SYS_STAT_H=1 -DHAVE_STDLIB_H=1 -DHAVE_STRING_H=1 -DHAVE_MEMORY_H=1 -DHAVE_STRINGS_H=1 -DHAVE_INTTYPES_H=1 -DHAVE_STDINT_H=1 -DHAVE_UNISTD_H=1 -DHAVE_DLFCN_H=1 -DLT_OBJDIR=\".libs/\" -DSTDC_HEADERS=1 -DHAVE_STRTOL=1 -DHAVE_GETRUSAGE=1 -DCLOOG_RUSAGE=/\*\*/ -DHAVE_DECL_MP_GET_MEMORY_FUNCTIONS=1 -DCLOOG_INT_GMP=1'
DEPDIR='.deps'
DLLTOOL='false'
DSYMUTIL=''
DUMPBIN=''
ECHO_C=''
ECHO_N='-n'
ECHO_T=''
EGREP='/bin/grep -E'
EXEEXT=''
FGREP='/bin/grep -F'
GIT_INDEX=''
GREP='/bin/grep'
HAVE_TEXI2DVI_FALSE='#'
HAVE_TEXI2DVI_TRUE=''
INSTALL='/bin/install -c'
INSTALL_DATA='${INSTALL} -m 644'
INSTALL_PROGRAM='${INSTALL}'
INSTALL_SCRIPT='${INSTALL}'
INSTALL_STRIP_PROGRAM='$(install_sh) -c -s'
ISL_CPPFLAGS='-I/s/chopin/b/grad/rohan94/Downloads/pocc-1.4/math/install-isl/include'
ISL_LDFLAGS='-L/s/chopin/b/grad/rohan94/Downloads/pocc-1.4/math/install-isl/lib'
ISL_LIBS='-lisl'
LD='/bin/ld -m elf_x86_64'
LDFLAGS='-L/s/chopin/b/grad/rohan94/Downloads/pocc-1.4/math/external/install/lib '
LIBOBJS=''
LIBS=' -lgmp'
LIBTOOL='$(SHELL) $(top_builddir)/libtool'
LIPO=''
LN_S='ln -s'
LTLIBOBJS=''
MAKEINFO='${SHELL} /s/chopin/b/grad/rohan94/Downloads/pocc-1.4/generators/cloog/autoconf/missing makeinfo'
MANIFEST_TOOL=':'
MKDIR_P='/bin/mkdir -p'
NEED_GET_MEMORY_FUNCTIONS_FALSE=''
NEED_GET_MEMORY_FUNCTIONS_TRUE='#'
NM='/bin/nm -B'
NMEDIT=''
NO_ISL_FALSE=''
NO_ISL_TRUE='#'
NO_OSL_FALSE='#'
NO_OSL_TRUE=''
OBJDUMP='objdump'
OBJEXT='o'
OSL_CPPFLAGS=''
OSL_LDFLAGS=''
OSL_LIBS=''
OTOOL64=''
OTOOL=''
PACKAGE='cloog'
PACKAGE_BUGREPORT='cloog-development@googlegroups.com'
PACKAGE_NAME='cloog-isl'
PACKAGE_STRING='cloog 0.18.2'
PACKAGE_TARNAME='cloog'
PACKAGE_URL=''
PACKAGE_VERSION='0.18.2'
PATH_SEPARATOR=':'
PRTDIAG=''
RANLIB='ranlib'
SED='/bin/sed'
SET_MAKE=''
SHELL='/bin/sh'
STRIP='strip'
TEXI2DVI='texi2dvi'
VERSION='0.18.2'
VERSION_MAJOR='0'
VERSION_MINOR='18'
VERSION_REVISION='2'
ac_ct_AR='ar'
ac_ct_CC='gcc'
ac_ct_DUMPBIN=''
am__EXEEXT_FALSE=''
am__EXEEXT_TRUE='#'
am__fastdepCC_FALSE='#'
am__fastdepCC_TRUE=''
am__include='include'
am__isrc=''
am__leading_dot='.'
am__nodep='_no'
am__quote=''
am__tar='$${TAR-tar} chof - "$$tardir"'
am__untar='$${TAR-tar} xf -'
bindir='${exec_prefix}/bin'
build='x86_64-unknown-linux-gnu'
build_alias=''
build_cpu='x86_64'
build_os='linux-gnu'
build_vendor='unknown'
datadir='${datarootdir}'
datarootdir='${prefix}/share'
docdir='${datarootdir}/doc/${PACKAGE_TARNAME}'
dvidir='${docdir}'
exec_prefix='${prefix}'
host='x86_64-unknown-linux-gnu'
host_alias=''
host_cpu='x86_64'
host_os='linux-gnu'
host_vendor='unknown'
htmldir='${docdir}'
includedir='${prefix}/include'
infodir='${datarootdir}/info'
install_sh='${SHELL} /s/chopin/b/grad/rohan94/Downloads/pocc-1.4/generators/cloog/autoconf/install-sh'
libdir='${exec_prefix}/lib'
libexecdir='${exec_prefix}/libexec'
localedir='${datarootdir}/locale'
localstatedir='${prefix}/var'
mandir='${datarootdir}/man'
mkdir_p='$(MKDIR_P)'
oldincludedir='/usr/include'
pdfdir='${docdir}'
pkgconfig_libdir='${libdir}/pkgconfig'
pkgconfig_libfile='cloog-isl.pc'
prefix='/s/chopin/b/grad/rohan94/Downloads/pocc-1.4/generators/install-cloog'
program_transform_name='s,x,x,'
psdir='${docdir}'
sbindir='${exec_prefix}/sbin'
sharedstatedir='${prefix}/com'
subdirs=''
sysconfdir='${prefix}/etc'
target_alias=''
versioninfo='4:0:0'

## ----------- ##
## confdefs.h. ##
## ----------- ##

/* confdefs.h */
#define PACKAGE_NAME "cloog"
#define PACKAGE_TARNAME "cloog"
#define PACKAGE_VERSION "0.18.2"
#define PACKAGE_STRING "cloog 0.18.2"
#define PACKAGE_BUGREPORT "cloog-development@googlegroups.com"
#define PACKAGE_URL ""
#define PACKAGE "cloog"
#define VERSION "0.18.2"
#define STDC_HEADERS 1
#define HAVE_SYS_TYPES_H 1
#define HAVE_SYS_STAT_H 1
#define HAVE_STDLIB_H 1
#define HAVE_STRING_H 1
#define HAVE_MEMORY_H 1
#define HAVE_STRINGS_H 1
#define HAVE_INTTYPES_H 1
#define HAVE_STDINT_H 1
#define HAVE_UNISTD_H 1
#define HAVE_DLFCN_H 1
#define LT_OBJDIR ".libs/"
#define STDC_HEADERS 1
#define HAVE_STRTOL 1
#define HAVE_GETRUSAGE 1
#define CLOOG_RUSAGE /**/
#define HAVE_DECL_MP_GET_MEMORY_FUNCTIONS 1
#define CLOOG_INT_GMP 1

configure: exit 0
